Analysis & Synthesis report for 3710alu
<<<<<<< HEAD
Tue Sep 11 11:01:45 2018
=======
Tue Sep 11 11:47:50 2018
>>>>>>> master
Quartus Prime Version 18.0.0 Build 614 04/24/2018 SJ Lite Edition


---------------------
; Table of Contents ;
---------------------
  1. Legal Notice
  2. Analysis & Synthesis Summary
  3. Analysis & Synthesis Settings
  4. Parallel Compilation
  5. Analysis & Synthesis Source Files Read
  6. Analysis & Synthesis Resource Usage Summary
  7. Analysis & Synthesis Resource Utilization by Entity
  8. General Register Statistics
  9. Multiplexer Restructuring Statistics (Restructuring Performed)
 10. Parameter Settings for User Entity Instance: _3710alu:alu1
 11. Port Connectivity Checks: "_3710alu:alu1"
 12. Post-Synthesis Netlist Statistics for Top Partition
 13. Elapsed Time Per Partition
 14. Analysis & Synthesis Messages



----------------
; Legal Notice ;
----------------
Copyright (C) 2018  Intel Corporation. All rights reserved.
Your use of Intel Corporation's design tools, logic functions 
and other software and tools, and its AMPP partner logic 
functions, and any output files from any of the foregoing 
(including device programming or simulation files), and any 
associated documentation or information are expressly subject 
to the terms and conditions of the Intel Program License 
Subscription Agreement, the Intel Quartus Prime License Agreement,
the Intel FPGA IP License Agreement, or other applicable license
agreement, including, without limitation, that your use is for
the sole purpose of programming logic devices manufactured by
Intel and sold by Intel or its authorized distributors.  Please
refer to the applicable agreement for further details.



+-------------------------------------------------------------------------------+
; Analysis & Synthesis Summary                                                  ;
+---------------------------------+---------------------------------------------+
<<<<<<< HEAD
; Analysis & Synthesis Status     ; Successful - Tue Sep 11 11:01:45 2018       ;
=======
; Analysis & Synthesis Status     ; Successful - Tue Sep 11 11:47:50 2018       ;
>>>>>>> master
; Quartus Prime Version           ; 18.0.0 Build 614 04/24/2018 SJ Lite Edition ;
; Revision Name                   ; 3710alu                                     ;
; Top-level Entity Name           ; wrap                                        ;
; Family                          ; Cyclone V                                   ;
; Logic utilization (in ALMs)     ; N/A                                         ;
; Total registers                 ; 0                                           ;
; Total pins                      ; 46                                          ;
; Total virtual pins              ; 0                                           ;
; Total block memory bits         ; 0                                           ;
; Total DSP Blocks                ; 0                                           ;
; Total HSSI RX PCSs              ; 0                                           ;
; Total HSSI PMA RX Deserializers ; 0                                           ;
; Total HSSI TX PCSs              ; 0                                           ;
; Total HSSI PMA TX Serializers   ; 0                                           ;
; Total PLLs                      ; 0                                           ;
; Total DLLs                      ; 0                                           ;
+---------------------------------+---------------------------------------------+


+---------------------------------------------------------------------------------------------------------------------------+
; Analysis & Synthesis Settings                                                                                             ;
+---------------------------------------------------------------------------------+--------------------+--------------------+
; Option                                                                          ; Setting            ; Default Value      ;
+---------------------------------------------------------------------------------+--------------------+--------------------+
; Device                                                                          ; 5CSEMA5F31C6       ;                    ;
; Top-level entity name                                                           ; wrap               ; 3710alu            ;
; Family name                                                                     ; Cyclone V          ; Cyclone V          ;
; Use smart compilation                                                           ; Off                ; Off                ;
; Enable parallel Assembler and Timing Analyzer during compilation                ; On                 ; On                 ;
; Enable compact report table                                                     ; Off                ; Off                ;
; Restructure Multiplexers                                                        ; Auto               ; Auto               ;
; MLAB Add Timing Constraints For Mixed-Port Feed-Through Mode Setting Don't Care ; Off                ; Off                ;
; Create Debugging Nodes for IP Cores                                             ; Off                ; Off                ;
; Preserve fewer node names                                                       ; On                 ; On                 ;
; Intel FPGA IP Evaluation Mode                                                   ; Enable             ; Enable             ;
; Verilog Version                                                                 ; Verilog_2001       ; Verilog_2001       ;
; VHDL Version                                                                    ; VHDL_1993          ; VHDL_1993          ;
; State Machine Processing                                                        ; Auto               ; Auto               ;
; Safe State Machine                                                              ; Off                ; Off                ;
; Extract Verilog State Machines                                                  ; On                 ; On                 ;
; Extract VHDL State Machines                                                     ; On                 ; On                 ;
; Ignore Verilog initial constructs                                               ; Off                ; Off                ;
; Iteration limit for constant Verilog loops                                      ; 5000               ; 5000               ;
; Iteration limit for non-constant Verilog loops                                  ; 250                ; 250                ;
; Add Pass-Through Logic to Inferred RAMs                                         ; On                 ; On                 ;
; Infer RAMs from Raw Logic                                                       ; On                 ; On                 ;
; Parallel Synthesis                                                              ; On                 ; On                 ;
; DSP Block Balancing                                                             ; Auto               ; Auto               ;
; NOT Gate Push-Back                                                              ; On                 ; On                 ;
; Power-Up Don't Care                                                             ; On                 ; On                 ;
; Remove Redundant Logic Cells                                                    ; Off                ; Off                ;
; Remove Duplicate Registers                                                      ; On                 ; On                 ;
; Ignore CARRY Buffers                                                            ; Off                ; Off                ;
; Ignore CASCADE Buffers                                                          ; Off                ; Off                ;
; Ignore GLOBAL Buffers                                                           ; Off                ; Off                ;
; Ignore ROW GLOBAL Buffers                                                       ; Off                ; Off                ;
; Ignore LCELL Buffers                                                            ; Off                ; Off                ;
; Ignore SOFT Buffers                                                             ; On                 ; On                 ;
; Limit AHDL Integers to 32 Bits                                                  ; Off                ; Off                ;
; Optimization Technique                                                          ; Balanced           ; Balanced           ;
; Carry Chain Length                                                              ; 70                 ; 70                 ;
; Auto Carry Chains                                                               ; On                 ; On                 ;
; Auto Open-Drain Pins                                                            ; On                 ; On                 ;
; Perform WYSIWYG Primitive Resynthesis                                           ; Off                ; Off                ;
; Auto ROM Replacement                                                            ; On                 ; On                 ;
; Auto RAM Replacement                                                            ; On                 ; On                 ;
; Auto DSP Block Replacement                                                      ; On                 ; On                 ;
; Auto Shift Register Replacement                                                 ; Auto               ; Auto               ;
; Allow Shift Register Merging across Hierarchies                                 ; Auto               ; Auto               ;
; Auto Clock Enable Replacement                                                   ; On                 ; On                 ;
; Strict RAM Replacement                                                          ; Off                ; Off                ;
; Allow Synchronous Control Signals                                               ; On                 ; On                 ;
; Force Use of Synchronous Clear Signals                                          ; Off                ; Off                ;
; Auto Resource Sharing                                                           ; Off                ; Off                ;
; Allow Any RAM Size For Recognition                                              ; Off                ; Off                ;
; Allow Any ROM Size For Recognition                                              ; Off                ; Off                ;
; Allow Any Shift Register Size For Recognition                                   ; Off                ; Off                ;
; Use LogicLock Constraints during Resource Balancing                             ; On                 ; On                 ;
; Ignore translate_off and synthesis_off directives                               ; Off                ; Off                ;
; Timing-Driven Synthesis                                                         ; On                 ; On                 ;
; Report Parameter Settings                                                       ; On                 ; On                 ;
; Report Source Assignments                                                       ; On                 ; On                 ;
; Report Connectivity Checks                                                      ; On                 ; On                 ;
; Ignore Maximum Fan-Out Assignments                                              ; Off                ; Off                ;
; Synchronization Register Chain Length                                           ; 3                  ; 3                  ;
; Power Optimization During Synthesis                                             ; Normal compilation ; Normal compilation ;
; HDL message level                                                               ; Level2             ; Level2             ;
; Suppress Register Optimization Related Messages                                 ; Off                ; Off                ;
; Number of Removed Registers Reported in Synthesis Report                        ; 5000               ; 5000               ;
; Number of Swept Nodes Reported in Synthesis Report                              ; 5000               ; 5000               ;
; Number of Inverted Registers Reported in Synthesis Report                       ; 100                ; 100                ;
; Clock MUX Protection                                                            ; On                 ; On                 ;
; Auto Gated Clock Conversion                                                     ; Off                ; Off                ;
; Block Design Naming                                                             ; Auto               ; Auto               ;
; SDC constraint protection                                                       ; Off                ; Off                ;
; Synthesis Effort                                                                ; Auto               ; Auto               ;
; Shift Register Replacement - Allow Asynchronous Clear Signal                    ; On                 ; On                 ;
; Pre-Mapping Resynthesis Optimization                                            ; Off                ; Off                ;
; Analysis & Synthesis Message Level                                              ; Medium             ; Medium             ;
; Disable Register Merging Across Hierarchies                                     ; Auto               ; Auto               ;
; Resource Aware Inference For Block RAM                                          ; On                 ; On                 ;
; Automatic Parallel Synthesis                                                    ; On                 ; On                 ;
; Partial Reconfiguration Bitstream ID                                            ; Off                ; Off                ;
+---------------------------------------------------------------------------------+--------------------+--------------------+


+------------------------------------------+
; Parallel Compilation                     ;
+----------------------------+-------------+
; Processors                 ; Number      ;
+----------------------------+-------------+
; Number detected on machine ; 4           ;
; Maximum allowed            ; 2           ;
;                            ;             ;
; Average used               ; 1.00        ;
; Maximum used               ; 1           ;
;                            ;             ;
; Usage by Processor         ; % Time Used ;
;     Processor 1            ; 100.0%      ;
+----------------------------+-------------+


+----------------------------------------------------------------------------------------------------------------------------------------------------+
; Analysis & Synthesis Source Files Read                                                                                                             ;
+----------------------------------+-----------------+------------------------+------------------------------------------------------------+---------+
; File Name with User-Entered Path ; Used in Netlist ; File Type              ; File Name with Absolute Path                               ; Library ;
+----------------------------------+-----------------+------------------------+------------------------------------------------------------+---------+
; hexTo7Seg.v                      ; yes             ; User Verilog HDL File  ; C:/Users/delij/Documents/ECE 3710/ECE-3710/alu/hexTo7Seg.v ;         ;
; _3710alu.v                       ; yes             ; User Verilog HDL File  ; C:/Users/delij/Documents/ECE 3710/ECE-3710/alu/_3710alu.v  ;         ;
; wrap.v                           ; yes             ; User Verilog HDL File  ; C:/Users/delij/Documents/ECE 3710/ECE-3710/alu/wrap.v      ;         ;
+----------------------------------+-----------------+------------------------+------------------------------------------------------------+---------+


<<<<<<< HEAD
+--------------------------------------------------------------+
; Analysis & Synthesis Resource Usage Summary                  ;
+---------------------------------------------+----------------+
; Resource                                    ; Usage          ;
+---------------------------------------------+----------------+
; Estimate of Logic utilization (ALMs needed) ; 283            ;
;                                             ;                ;
; Combinational ALUT usage for logic          ; 479            ;
;     -- 7 input functions                    ; 3              ;
;     -- 6 input functions                    ; 84             ;
;     -- 5 input functions                    ; 138            ;
;     -- 4 input functions                    ; 67             ;
;     -- <=3 input functions                  ; 187            ;
;                                             ;                ;
; Dedicated logic registers                   ; 0              ;
;                                             ;                ;
; I/O pins                                    ; 70             ;
;                                             ;                ;
; Total DSP Blocks                            ; 0              ;
;                                             ;                ;
; Maximum fan-out node                        ; inst[13]~input ;
; Maximum fan-out                             ; 40             ;
; Total fan-out                               ; 2023           ;
; Average fan-out                             ; 3.27           ;
+---------------------------------------------+----------------+


+----------------------------------------------------------------------------------------------------------------------------------------------------------------------------------------+
; Analysis & Synthesis Resource Utilization by Entity                                                                                                                                    ;
+----------------------------+---------------------+---------------------------+-------------------+------------+------+--------------+---------------------+-------------+--------------+
; Compilation Hierarchy Node ; Combinational ALUTs ; Dedicated Logic Registers ; Block Memory Bits ; DSP Blocks ; Pins ; Virtual Pins ; Full Hierarchy Name ; Entity Name ; Library Name ;
+----------------------------+---------------------+---------------------------+-------------------+------------+------+--------------+---------------------+-------------+--------------+
; |_3710alu                  ; 479 (479)           ; 0 (0)                     ; 0                 ; 0          ; 70   ; 0            ; |_3710alu           ; _3710alu    ; work         ;
+----------------------------+---------------------+---------------------------+-------------------+------------+------+--------------+---------------------+-------------+--------------+
=======
+-------------------------------------------------------------+
; Analysis & Synthesis Resource Usage Summary                 ;
+---------------------------------------------+---------------+
; Resource                                    ; Usage         ;
+---------------------------------------------+---------------+
; Estimate of Logic utilization (ALMs needed) ; 28            ;
;                                             ;               ;
; Combinational ALUT usage for logic          ; 47            ;
;     -- 7 input functions                    ; 0             ;
;     -- 6 input functions                    ; 8             ;
;     -- 5 input functions                    ; 6             ;
;     -- 4 input functions                    ; 18            ;
;     -- <=3 input functions                  ; 15            ;
;                                             ;               ;
; Dedicated logic registers                   ; 0             ;
;                                             ;               ;
; I/O pins                                    ; 46            ;
;                                             ;               ;
; Total DSP Blocks                            ; 0             ;
;                                             ;               ;
; Maximum fan-out node                        ; inst[0]~input ;
; Maximum fan-out                             ; 16            ;
; Total fan-out                               ; 262           ;
; Average fan-out                             ; 1.88          ;
+---------------------------------------------+---------------+


+-------------------------------------------------------------------------------------------------------------------------------------------------------------------------------------------+
; Analysis & Synthesis Resource Utilization by Entity                                                                                                                                       ;
+----------------------------+---------------------+---------------------------+-------------------+------------+------+--------------+------------------------+-------------+--------------+
; Compilation Hierarchy Node ; Combinational ALUTs ; Dedicated Logic Registers ; Block Memory Bits ; DSP Blocks ; Pins ; Virtual Pins ; Full Hierarchy Name    ; Entity Name ; Library Name ;
+----------------------------+---------------------+---------------------------+-------------------+------------+------+--------------+------------------------+-------------+--------------+
; |wrap                      ; 47 (0)              ; 0 (0)                     ; 0                 ; 0          ; 46   ; 0            ; |wrap                  ; wrap        ; work         ;
;    |_3710alu:alu1|         ; 39 (39)             ; 0 (0)                     ; 0                 ; 0          ; 0    ; 0            ; |wrap|_3710alu:alu1    ; _3710alu    ; work         ;
;    |hexTo7Seg:first|       ; 1 (1)               ; 0 (0)                     ; 0                 ; 0          ; 0    ; 0            ; |wrap|hexTo7Seg:first  ; hexTo7Seg   ; work         ;
;    |hexTo7Seg:fourth|      ; 7 (7)               ; 0 (0)                     ; 0                 ; 0          ; 0    ; 0            ; |wrap|hexTo7Seg:fourth ; hexTo7Seg   ; work         ;
+----------------------------+---------------------+---------------------------+-------------------+------------+------+--------------+------------------------+-------------+--------------+
>>>>>>> master
Note: For table entries with two numbers listed, the numbers in parentheses indicate the number of resources of the given type used by the specific entity alone. The numbers listed outside of parentheses indicate the total resources of the given type used by the specific entity and all of its sub-entities in the hierarchy.


+------------------------------------------------------+
; General Register Statistics                          ;
+----------------------------------------------+-------+
; Statistic                                    ; Value ;
+----------------------------------------------+-------+
; Total registers                              ; 0     ;
; Number of registers using Synchronous Clear  ; 0     ;
; Number of registers using Synchronous Load   ; 0     ;
; Number of registers using Asynchronous Clear ; 0     ;
; Number of registers using Asynchronous Load  ; 0     ;
; Number of registers using Clock Enable       ; 0     ;
; Number of registers using Preset             ; 0     ;
+----------------------------------------------+-------+


<<<<<<< HEAD
+------------------------------------------------------------------------------------------------------------------------------------------+
; Multiplexer Restructuring Statistics (Restructuring Performed)                                                                           ;
+--------------------+-----------+---------------+----------------------+------------------------+------------+----------------------------+
; Multiplexer Inputs ; Bus Width ; Baseline Area ; Area if Restructured ; Saving if Restructured ; Registered ; Example Multiplexer Output ;
+--------------------+-----------+---------------+----------------------+------------------------+------------+----------------------------+
; 4:1                ; 2 bits    ; 4 LEs         ; 4 LEs                ; 0 LEs                  ; No         ; |_3710alu|ShiftLeft0       ;
; 4:1                ; 2 bits    ; 4 LEs         ; 4 LEs                ; 0 LEs                  ; No         ; |_3710alu|ShiftLeft0       ;
; 4:1                ; 18 bits   ; 36 LEs        ; 36 LEs               ; 0 LEs                  ; No         ; |_3710alu|ShiftRight0      ;
; 264:1              ; 4 bits    ; 704 LEs       ; 100 LEs              ; 604 LEs                ; No         ; |_3710alu|Selector10       ;
; 264:1              ; 3 bits    ; 528 LEs       ; 75 LEs               ; 453 LEs                ; No         ; |_3710alu|Selector6        ;
; 265:1              ; 4 bits    ; 704 LEs       ; 104 LEs              ; 600 LEs                ; No         ; |_3710alu|Selector3        ;
; 265:1              ; 3 bits    ; 528 LEs       ; 78 LEs               ; 450 LEs                ; No         ; |_3710alu|Selector14       ;
+--------------------+-----------+---------------+----------------------+------------------------+------------+----------------------------+


+--------------------------------------------------------------------------+
; Parameter Settings for User Entity Instance: Top-level Entity: |_3710alu ;
+----------------+----------+----------------------------------------------+
; Parameter Name ; Value    ; Type                                         ;
+----------------+----------+----------------------------------------------+
; ADD            ; 00000101 ; Unsigned Binary                              ;
; ADDU           ; 00000110 ; Unsigned Binary                              ;
; ADDC           ; 00000111 ; Unsigned Binary                              ;
; ADDCU          ; 00000100 ; Unsigned Binary                              ;
; SUB            ; 00001001 ; Unsigned Binary                              ;
; CMP            ; 00001011 ; Unsigned Binary                              ;
; AND            ; 00000001 ; Unsigned Binary                              ;
; OR             ; 00000010 ; Unsigned Binary                              ;
; XOR            ; 00000011 ; Unsigned Binary                              ;
; NOT            ; 00001111 ; Unsigned Binary                              ;
; NOP_WAIT       ; 00000000 ; Unsigned Binary                              ;
; LSH            ; 10000100 ; Unsigned Binary                              ;
; RSH            ; 10001111 ; Unsigned Binary                              ;
; ADDI           ; 0101XXXX ; Unsigned Binary                              ;
; ADDUI          ; 0110XXXX ; Unsigned Binary                              ;
; ADDCI          ; 0111XXXX ; Unsigned Binary                              ;
; SUBI           ; 1001XXXX ; Unsigned Binary                              ;
; ADDCUI         ; 1011XXXX ; Unsigned Binary                              ;
+----------------+----------+----------------------------------------------+
=======
+---------------------------------------------------------------------------------------------------------------------------------------------+
; Multiplexer Restructuring Statistics (Restructuring Performed)                                                                              ;
+--------------------+-----------+---------------+----------------------+------------------------+------------+-------------------------------+
; Multiplexer Inputs ; Bus Width ; Baseline Area ; Area if Restructured ; Saving if Restructured ; Registered ; Example Multiplexer Output    ;
+--------------------+-----------+---------------+----------------------+------------------------+------------+-------------------------------+
; 16:1               ; 3 bits    ; 30 LEs        ; 21 LEs               ; 9 LEs                  ; No         ; |wrap|_3710alu:alu1|Selector2 ;
+--------------------+-----------+---------------+----------------------+------------------------+------------+-------------------------------+


+------------------------------------------------------------+
; Parameter Settings for User Entity Instance: _3710alu:alu1 ;
+----------------+----------+--------------------------------+
; Parameter Name ; Value    ; Type                           ;
+----------------+----------+--------------------------------+
; ADD            ; 00000101 ; Unsigned Binary                ;
; ADDU           ; 00000110 ; Unsigned Binary                ;
; ADDC           ; 00000111 ; Unsigned Binary                ;
; ADDCU          ; 00000100 ; Unsigned Binary                ;
; SUB            ; 00001001 ; Unsigned Binary                ;
; CMP            ; 00001011 ; Unsigned Binary                ;
; AND            ; 00000001 ; Unsigned Binary                ;
; OR             ; 00000010 ; Unsigned Binary                ;
; XOR            ; 00000011 ; Unsigned Binary                ;
; NOT            ; 00001111 ; Unsigned Binary                ;
; NOP_WAIT       ; 00000000 ; Unsigned Binary                ;
; LSH            ; 10000100 ; Unsigned Binary                ;
; RSH            ; 10001111 ; Unsigned Binary                ;
; ADDI           ; 0101XXXX ; Unsigned Binary                ;
; ADDUI          ; 0110XXXX ; Unsigned Binary                ;
; ADDCI          ; 0111XXXX ; Unsigned Binary                ;
; SUBI           ; 1001XXXX ; Unsigned Binary                ;
; ADDCUI         ; 1011XXXX ; Unsigned Binary                ;
+----------------+----------+--------------------------------+
>>>>>>> master
Note: In order to hide this table in the UI and the text report file, please set the "Show Parameter Settings in Synthesis Report" option in "Analysis and Synthesis Settings -> More Settings" to "Off".


+-----------------------------------------------+
; Port Connectivity Checks: "_3710alu:alu1"     ;
+-------------+-------+----------+--------------+
; Port        ; Type  ; Severity ; Details      ;
+-------------+-------+----------+--------------+
; A[11..0]    ; Input ; Info     ; Stuck at GND ;
; B[11..0]    ; Input ; Info     ; Stuck at GND ;
; inst[15..8] ; Input ; Info     ; Stuck at GND ;
; inst[3..0]  ; Input ; Info     ; Stuck at GND ;
+-------------+-------+----------+--------------+


+-----------------------------------------------------+
; Post-Synthesis Netlist Statistics for Top Partition ;
+-----------------------+-----------------------------+
; Type                  ; Count                       ;
+-----------------------+-----------------------------+
<<<<<<< HEAD
; arriav_lcell_comb     ; 479                         ;
;     arith             ; 117                         ;
;         0 data inputs ; 3                           ;
;         1 data inputs ; 77                          ;
;         2 data inputs ; 37                          ;
;     extend            ; 3                           ;
;         7 data inputs ; 3                           ;
;     normal            ; 327                         ;
;         2 data inputs ; 13                          ;
;         3 data inputs ; 25                          ;
;         4 data inputs ; 67                          ;
;         5 data inputs ; 138                         ;
;         6 data inputs ; 84                          ;
;     shared            ; 32                          ;
;         1 data inputs ; 7                           ;
;         2 data inputs ; 25                          ;
; boundary_port         ; 70                          ;
;                       ;                             ;
; Max LUT depth         ; 7.30                        ;
; Average LUT depth     ; 6.33                        ;
=======
; arriav_lcell_comb     ; 50                          ;
;     arith             ; 5                           ;
;         0 data inputs ; 1                           ;
;         2 data inputs ; 4                           ;
;     normal            ; 41                          ;
;         0 data inputs ; 1                           ;
;         1 data inputs ; 2                           ;
;         2 data inputs ; 2                           ;
;         3 data inputs ; 4                           ;
;         4 data inputs ; 18                          ;
;         5 data inputs ; 6                           ;
;         6 data inputs ; 8                           ;
;     shared            ; 4                           ;
;         2 data inputs ; 4                           ;
; boundary_port         ; 46                          ;
;                       ;                             ;
; Max LUT depth         ; 5.00                        ;
; Average LUT depth     ; 3.80                        ;
>>>>>>> master
+-----------------------+-----------------------------+


+-------------------------------+
; Elapsed Time Per Partition    ;
+----------------+--------------+
; Partition Name ; Elapsed Time ;
+----------------+--------------+
<<<<<<< HEAD
; Top            ; 00:00:02     ;
=======
; Top            ; 00:00:00     ;
>>>>>>> master
+----------------+--------------+


+-------------------------------+
; Analysis & Synthesis Messages ;
+-------------------------------+
Info: *******************************************************************
Info: Running Quartus Prime Analysis & Synthesis
    Info: Version 18.0.0 Build 614 04/24/2018 SJ Lite Edition
<<<<<<< HEAD
    Info: Processing started: Tue Sep 11 11:01:24 2018
Info: Command: quartus_map --read_settings_files=on --write_settings_files=off 3710alu -c 3710alu
Warning (18236): Number of processors has not been specified which may cause overloading on shared machines.  Set the global assignment NUM_PARALLEL_PROCESSORS in your QSF to an appropriate value for best performance.
Info (20030): Parallel compilation is enabled and will use 2 of the 2 processors detected
=======
    Info: Processing started: Tue Sep 11 11:47:39 2018
Info: Command: quartus_map --read_settings_files=on --write_settings_files=off 3710alu -c 3710alu
Warning (18236): Number of processors has not been specified which may cause overloading on shared machines.  Set the global assignment NUM_PARALLEL_PROCESSORS in your QSF to an appropriate value for best performance.
Info (20030): Parallel compilation is enabled and will use 4 of the 4 processors detected
Info (12021): Found 1 design units, including 1 entities, in source file hexto7seg.v
    Info (12023): Found entity 1: hexTo7Seg File: C:/Users/delij/Documents/ECE 3710/ECE-3710/alu/hexTo7Seg.v Line: 1
>>>>>>> master
Info (12021): Found 1 design units, including 1 entities, in source file _3710alu.v
    Info (12023): Found entity 1: _3710alu File: C:/Users/delij/Documents/ECE 3710/ECE-3710/alu/_3710alu.v Line: 5
Info (12021): Found 0 design units, including 0 entities, in source file parameters.v
Warning (10229): Verilog HDL Expression warning at tb_alu_cc.v(209): truncated literal to match 8 bits File: C:/Users/delij/Documents/ECE 3710/ECE-3710/alu/tb_alu_cc.v Line: 209
Info (12021): Found 1 design units, including 1 entities, in source file tb_alu_cc.v
    Info (12023): Found entity 1: tb_alu_cc File: C:/Users/delij/Documents/ECE 3710/ECE-3710/alu/tb_alu_cc.v Line: 5
Info (12021): Found 1 design units, including 1 entities, in source file tb_alu_rand.v
    Info (12023): Found entity 1: tb_alu_rand File: C:/Users/delij/Documents/ECE 3710/ECE-3710/alu/tb_alu_rand.v Line: 4
Info (12021): Found 1 design units, including 1 entities, in source file wrap.v
    Info (12023): Found entity 1: wrap File: C:/Users/delij/Documents/ECE 3710/ECE-3710/alu/wrap.v Line: 1
Info (12127): Elaborating entity "wrap" for the top level hierarchy
Info (12128): Elaborating entity "_3710alu" for hierarchy "_3710alu:alu1" File: C:/Users/delij/Documents/ECE 3710/ECE-3710/alu/wrap.v Line: 28
Info (12128): Elaborating entity "hexTo7Seg" for hierarchy "hexTo7Seg:first" File: C:/Users/delij/Documents/ECE 3710/ECE-3710/alu/wrap.v Line: 30
Warning (13024): Output pins are stuck at VCC or GND
    Warning (13410): Pin "out1[0]" is stuck at GND File: C:/Users/delij/Documents/ECE 3710/ECE-3710/alu/wrap.v Line: 7
    Warning (13410): Pin "out1[4]" is stuck at GND File: C:/Users/delij/Documents/ECE 3710/ECE-3710/alu/wrap.v Line: 7
    Warning (13410): Pin "out1[5]" is stuck at GND File: C:/Users/delij/Documents/ECE 3710/ECE-3710/alu/wrap.v Line: 7
    Warning (13410): Pin "out2[0]" is stuck at GND File: C:/Users/delij/Documents/ECE 3710/ECE-3710/alu/wrap.v Line: 7
    Warning (13410): Pin "out2[4]" is stuck at GND File: C:/Users/delij/Documents/ECE 3710/ECE-3710/alu/wrap.v Line: 7
    Warning (13410): Pin "out2[5]" is stuck at GND File: C:/Users/delij/Documents/ECE 3710/ECE-3710/alu/wrap.v Line: 7
Info (286030): Timing-Driven Synthesis is running
Info (16010): Generating hard_block partition "hard_block:auto_generated_inst"
    Info (16011): Adding 0 node(s), including 0 DDIO, 0 PLL, 0 transceiver and 0 LCELL
<<<<<<< HEAD
Warning (21074): Design contains 4 input pin(s) that do not drive logic
    Warning (15610): No output dependent on input pin "inst[8]" File: C:/Users/steen/Desktop/ECE-3710/alu/_3710alu.v Line: 6
    Warning (15610): No output dependent on input pin "inst[9]" File: C:/Users/steen/Desktop/ECE-3710/alu/_3710alu.v Line: 6
    Warning (15610): No output dependent on input pin "inst[10]" File: C:/Users/steen/Desktop/ECE-3710/alu/_3710alu.v Line: 6
    Warning (15610): No output dependent on input pin "inst[11]" File: C:/Users/steen/Desktop/ECE-3710/alu/_3710alu.v Line: 6
Info (21057): Implemented 549 device resources after synthesis - the final resource count might be different
    Info (21058): Implemented 49 input pins
    Info (21059): Implemented 21 output pins
    Info (21061): Implemented 479 logic cells
Info: Quartus Prime Analysis & Synthesis was successful. 0 errors, 7 warnings
    Info: Peak virtual memory: 4826 megabytes
    Info: Processing ended: Tue Sep 11 11:01:45 2018
    Info: Elapsed time: 00:00:21
    Info: Total CPU time (on all processors): 00:00:45
=======
Info (21057): Implemented 93 device resources after synthesis - the final resource count might be different
    Info (21058): Implemented 13 input pins
    Info (21059): Implemented 33 output pins
    Info (21061): Implemented 47 logic cells
Info: Quartus Prime Analysis & Synthesis was successful. 0 errors, 9 warnings
    Info: Peak virtual memory: 738 megabytes
    Info: Processing ended: Tue Sep 11 11:47:50 2018
    Info: Elapsed time: 00:00:11
    Info: Total CPU time (on all processors): 00:00:25
>>>>>>> master


