Flow report for 3710alu
<<<<<<< HEAD
Tue Sep 11 11:01:45 2018
=======
Tue Sep 11 11:48:51 2018
>>>>>>> master
Quartus Prime Version 18.0.0 Build 614 04/24/2018 SJ Lite Edition


---------------------
; Table of Contents ;
---------------------
  1. Legal Notice
  2. Flow Summary
  3. Flow Settings
  4. Flow Non-Default Global Settings
  5. Flow Elapsed Time
  6. Flow OS Summary
  7. Flow Log
  8. Flow Messages
  9. Flow Suppressed Messages



----------------
; Legal Notice ;
----------------
Copyright (C) 2018  Intel Corporation. All rights reserved.
Your use of Intel Corporation's design tools, logic functions 
and other software and tools, and its AMPP partner logic 
functions, and any output files from any of the foregoing 
(including device programming or simulation files), and any 
associated documentation or information are expressly subject 
to the terms and conditions of the Intel Program License 
Subscription Agreement, the Intel Quartus Prime License Agreement,
the Intel FPGA IP License Agreement, or other applicable license
agreement, including, without limitation, that your use is for
the sole purpose of programming logic devices manufactured by
Intel and sold by Intel or its authorized distributors.  Please
refer to the applicable agreement for further details.



+-------------------------------------------------------------------------------+
; Flow Summary                                                                  ;
+---------------------------------+---------------------------------------------+
<<<<<<< HEAD
; Flow Status                     ; Successful - Tue Sep 11 11:01:45 2018       ;
=======
; Flow Status                     ; Successful - Tue Sep 11 11:48:51 2018       ;
>>>>>>> master
; Quartus Prime Version           ; 18.0.0 Build 614 04/24/2018 SJ Lite Edition ;
; Revision Name                   ; 3710alu                                     ;
; Top-level Entity Name           ; wrap                                        ;
; Family                          ; Cyclone V                                   ;
; Device                          ; 5CSEMA5F31C6                                ;
; Timing Models                   ; Final                                       ;
; Logic utilization (in ALMs)     ; 27 / 32,070 ( < 1 % )                       ;
; Total registers                 ; 0                                           ;
; Total pins                      ; 46 / 457 ( 10 % )                           ;
; Total virtual pins              ; 0                                           ;
; Total block memory bits         ; 0 / 4,065,280 ( 0 % )                       ;
; Total DSP Blocks                ; 0 / 87 ( 0 % )                              ;
; Total HSSI RX PCSs              ; 0                                           ;
; Total HSSI PMA RX Deserializers ; 0                                           ;
; Total HSSI TX PCSs              ; 0                                           ;
; Total HSSI PMA TX Serializers   ; 0                                           ;
; Total PLLs                      ; 0 / 6 ( 0 % )                               ;
; Total DLLs                      ; 0 / 4 ( 0 % )                               ;
+---------------------------------+---------------------------------------------+


+-----------------------------------------+
; Flow Settings                           ;
+-------------------+---------------------+
; Option            ; Setting             ;
+-------------------+---------------------+
<<<<<<< HEAD
; Start date & time ; 09/11/2018 11:01:25 ;
=======
; Start date & time ; 09/11/2018 11:47:40 ;
>>>>>>> master
; Main task         ; Compilation         ;
; Revision Name     ; 3710alu             ;
+-------------------+---------------------+


+------------------------------------------------------------------------------------------------------------------------------+
; Flow Non-Default Global Settings                                                                                             ;
+--------------------------------------+----------------------------------------+---------------+-------------+----------------+
; Assignment Name                      ; Value                                  ; Default Value ; Entity Name ; Section Id     ;
+--------------------------------------+----------------------------------------+---------------+-------------+----------------+
<<<<<<< HEAD
; COMPILER_SIGNATURE_ID                ; 48791042876786.153668528406056         ; --            ; --          ; --             ;
; EDA_DESIGN_INSTANCE_NAME             ; NA                                     ; --            ; --          ; tb_alu_cc      ;
; EDA_DESIGN_INSTANCE_NAME             ; NA                                     ; --            ; --          ; tb_alu_rand    ;
; EDA_GENERATE_FUNCTIONAL_NETLIST      ; On                                     ; --            ; --          ; eda_simulation ;
; EDA_NATIVELINK_SIMULATION_TEST_BENCH ; tb_alu_rand                            ; --            ; --          ; eda_simulation ;
=======
; COMPILER_SIGNATURE_ID                ; 156704298726471.153668805902356        ; --            ; --          ; --             ;
; EDA_DESIGN_INSTANCE_NAME             ; NA                                     ; --            ; --          ; tb_alu_cc      ;
; EDA_DESIGN_INSTANCE_NAME             ; NA                                     ; --            ; --          ; tb_alu_rand    ;
; EDA_GENERATE_FUNCTIONAL_NETLIST      ; On                                     ; --            ; --          ; eda_simulation ;
; EDA_NATIVELINK_SIMULATION_TEST_BENCH ; tb_alu_cc                              ; --            ; --          ; eda_simulation ;
>>>>>>> master
; EDA_OUTPUT_DATA_FORMAT               ; Verilog Hdl                            ; --            ; --          ; eda_simulation ;
; EDA_SIMULATION_TOOL                  ; ModelSim-Altera (Verilog)              ; <None>        ; --          ; --             ;
; EDA_TEST_BENCH_ENABLE_STATUS         ; TEST_BENCH_MODE                        ; --            ; --          ; eda_simulation ;
; EDA_TEST_BENCH_FILE                  ; tb_alu_cc.v                            ; --            ; --          ; tb_alu_cc      ;
; EDA_TEST_BENCH_FILE                  ; tb_alu_rand.v                          ; --            ; --          ; tb_alu_rand    ;
; EDA_TEST_BENCH_MODULE_NAME           ; tb_alu_cc                              ; --            ; --          ; tb_alu_cc      ;
; EDA_TEST_BENCH_MODULE_NAME           ; tb_alu_rand                            ; --            ; --          ; tb_alu_rand    ;
; EDA_TEST_BENCH_NAME                  ; tb_alu_rand                            ; --            ; --          ; eda_simulation ;
; EDA_TEST_BENCH_NAME                  ; tb_alu_cc                              ; --            ; --          ; eda_simulation ;
; EDA_TIME_SCALE                       ; 1 ns                                   ; --            ; --          ; eda_simulation ;
; MAX_CORE_JUNCTION_TEMP               ; 85                                     ; --            ; --          ; --             ;
; MIN_CORE_JUNCTION_TEMP               ; 0                                      ; --            ; --          ; --             ;
<<<<<<< HEAD
; PARTITION_COLOR                      ; -- (Not supported for targeted family) ; --            ; _3710alu    ; Top            ;
; PARTITION_FITTER_PRESERVATION_LEVEL  ; -- (Not supported for targeted family) ; --            ; _3710alu    ; Top            ;
; PARTITION_NETLIST_TYPE               ; -- (Not supported for targeted family) ; --            ; _3710alu    ; Top            ;
; POWER_BOARD_THERMAL_MODEL            ; None (CONSERVATIVE)                    ; --            ; --          ; --             ;
; POWER_PRESET_COOLING_SOLUTION        ; 23 MM HEAT SINK WITH 200 LFPM AIRFLOW  ; --            ; --          ; --             ;
; PROJECT_OUTPUT_DIRECTORY             ; output_files                           ; --            ; --          ; --             ;
; TOP_LEVEL_ENTITY                     ; _3710alu                               ; 3710alu       ; --          ; --             ;
=======
; PARTITION_COLOR                      ; -- (Not supported for targeted family) ; --            ; wrap        ; Top            ;
; PARTITION_FITTER_PRESERVATION_LEVEL  ; -- (Not supported for targeted family) ; --            ; wrap        ; Top            ;
; PARTITION_NETLIST_TYPE               ; -- (Not supported for targeted family) ; --            ; wrap        ; Top            ;
; POWER_BOARD_THERMAL_MODEL            ; None (CONSERVATIVE)                    ; --            ; --          ; --             ;
; POWER_PRESET_COOLING_SOLUTION        ; 23 MM HEAT SINK WITH 200 LFPM AIRFLOW  ; --            ; --          ; --             ;
; PROJECT_OUTPUT_DIRECTORY             ; output_files                           ; --            ; --          ; --             ;
; TOP_LEVEL_ENTITY                     ; wrap                                   ; 3710alu       ; --          ; --             ;
>>>>>>> master
+--------------------------------------+----------------------------------------+---------------+-------------+----------------+


+--------------------------------------------------------------------------------------------------------------------------+
; Flow Elapsed Time                                                                                                        ;
+----------------------+--------------+-------------------------+---------------------+------------------------------------+
; Module Name          ; Elapsed Time ; Average Processors Used ; Peak Virtual Memory ; Total CPU Time (on all processors) ;
+----------------------+--------------+-------------------------+---------------------+------------------------------------+
<<<<<<< HEAD
; Analysis & Synthesis ; 00:00:20     ; 1.0                     ; 4816 MB             ; 00:00:45                           ;
; Total                ; 00:00:20     ; --                      ; --                  ; 00:00:45                           ;
=======
; Analysis & Synthesis ; 00:00:11     ; 1.0                     ; 738 MB              ; 00:00:25                           ;
; Fitter               ; 00:00:38     ; 1.0                     ; 2451 MB             ; 00:01:01                           ;
; Assembler            ; 00:00:09     ; 1.0                     ; 751 MB              ; 00:00:08                           ;
; Timing Analyzer      ; 00:00:07     ; 1.1                     ; 1050 MB             ; 00:00:06                           ;
; EDA Netlist Writer   ; 00:00:02     ; 1.0                     ; 637 MB              ; 00:00:01                           ;
; Total                ; 00:01:07     ; --                      ; --                  ; 00:01:41                           ;
>>>>>>> master
+----------------------+--------------+-------------------------+---------------------+------------------------------------+


+------------------------------------------------------------------------------------+
; Flow OS Summary                                                                    ;
+----------------------+------------------+------------+------------+----------------+
; Module Name          ; Machine Hostname ; OS Name    ; OS Version ; Processor type ;
+----------------------+------------------+------------+------------+----------------+
<<<<<<< HEAD
; Analysis & Synthesis ; LAPTOP-SSUOM72F  ; Windows 10 ; 10.0       ; x86_64         ;
=======
; Analysis & Synthesis ; DESKTOP-G5FJKIP  ; Windows 10 ; 10.0       ; x86_64         ;
; Fitter               ; DESKTOP-G5FJKIP  ; Windows 10 ; 10.0       ; x86_64         ;
; Assembler            ; DESKTOP-G5FJKIP  ; Windows 10 ; 10.0       ; x86_64         ;
; Timing Analyzer      ; DESKTOP-G5FJKIP  ; Windows 10 ; 10.0       ; x86_64         ;
; EDA Netlist Writer   ; DESKTOP-G5FJKIP  ; Windows 10 ; 10.0       ; x86_64         ;
>>>>>>> master
+----------------------+------------------+------------+------------+----------------+


------------
; Flow Log ;
------------
quartus_map --read_settings_files=on --write_settings_files=off 3710alu -c 3710alu
quartus_fit --read_settings_files=off --write_settings_files=off 3710alu -c 3710alu
quartus_asm --read_settings_files=off --write_settings_files=off 3710alu -c 3710alu
quartus_sta 3710alu -c 3710alu
quartus_eda --read_settings_files=off --write_settings_files=off 3710alu -c 3710alu



