Flow report for regfile
Mon Dec 03 23:37:52 2018
Quartus Prime Version 18.0.0 Build 614 04/24/2018 SJ Lite Edition


---------------------
; Table of Contents ;
---------------------
  1. Legal Notice
  2. Flow Summary
  3. Flow Settings
  4. Flow Non-Default Global Settings
  5. Flow Elapsed Time
  6. Flow OS Summary
  7. Flow Log
  8. Flow Messages
  9. Flow Suppressed Messages



----------------
; Legal Notice ;
----------------
Copyright (C) 2018  Intel Corporation. All rights reserved.
Your use of Intel Corporation's design tools, logic functions 
and other software and tools, and its AMPP partner logic 
functions, and any output files from any of the foregoing 
(including device programming or simulation files), and any 
associated documentation or information are expressly subject 
to the terms and conditions of the Intel Program License 
Subscription Agreement, the Intel Quartus Prime License Agreement,
the Intel FPGA IP License Agreement, or other applicable license
agreement, including, without limitation, that your use is for
the sole purpose of programming logic devices manufactured by
Intel and sold by Intel or its authorized distributors.  Please
refer to the applicable agreement for further details.



+-------------------------------------------------------------------------------+
; Flow Summary                                                                  ;
+---------------------------------+---------------------------------------------+
; Flow Status                     ; Successful - Mon Dec 03 23:37:52 2018       ;
; Quartus Prime Version           ; 18.0.0 Build 614 04/24/2018 SJ Lite Edition ;
; Revision Name                   ; regfile                                     ;
; Top-level Entity Name           ; fibfsm                                      ;
; Family                          ; Cyclone V                                   ;
; Device                          ; 5CSEMA5F31C6                                ;
; Timing Models                   ; Final                                       ;
; Logic utilization (in ALMs)     ; 214 / 32,070 ( < 1 % )                      ;
; Total registers                 ; 255                                         ;
; Total pins                      ; 30 / 457 ( 7 % )                            ;
; Total virtual pins              ; 0                                           ;
; Total block memory bits         ; 0 / 4,065,280 ( 0 % )                       ;
; Total DSP Blocks                ; 0 / 87 ( 0 % )                              ;
; Total HSSI RX PCSs              ; 0                                           ;
; Total HSSI PMA RX Deserializers ; 0                                           ;
; Total HSSI TX PCSs              ; 0                                           ;
; Total HSSI PMA TX Serializers   ; 0                                           ;
; Total PLLs                      ; 0 / 6 ( 0 % )                               ;
; Total DLLs                      ; 0 / 4 ( 0 % )                               ;
+---------------------------------+---------------------------------------------+


+-----------------------------------------+
; Flow Settings                           ;
+-------------------+---------------------+
; Option            ; Setting             ;
+-------------------+---------------------+
; Start date & time ; 12/03/2018 23:36:48 ;
; Main task         ; Compilation         ;
; Revision Name     ; regfile             ;
+-------------------+---------------------+


+------------------------------------------------------------------------------------------------------------------------------+
; Flow Non-Default Global Settings                                                                                             ;
+--------------------------------------+----------------------------------------+---------------+-------------+----------------+
; Assignment Name                      ; Value                                  ; Default Value ; Entity Name ; Section Id     ;
+--------------------------------------+----------------------------------------+---------------+-------------+----------------+
; COMPILER_SIGNATURE_ID                ; 156704298726471.154390540810124        ; --            ; --          ; --             ;
; EDA_DESIGN_INSTANCE_NAME             ; NA                                     ; --            ; --          ; tb1            ;
; EDA_DESIGN_INSTANCE_NAME             ; NA                                     ; --            ; --          ; FSM_Logical2   ;
; EDA_DESIGN_INSTANCE_NAME             ; NA                                     ; --            ; --          ; FSM_Logical    ;
; EDA_NATIVELINK_SIMULATION_TEST_BENCH ; FSM_Logical                            ; --            ; --          ; eda_simulation ;
; EDA_OUTPUT_DATA_FORMAT               ; Verilog Hdl                            ; --            ; --          ; eda_simulation ;
; EDA_SIMULATION_TOOL                  ; ModelSim-Altera (Verilog)              ; <None>        ; --          ; --             ;
; EDA_TEST_BENCH_ENABLE_STATUS         ; TEST_BENCH_MODE                        ; --            ; --          ; eda_simulation ;
; EDA_TEST_BENCH_FILE                  ; Wrapper_tb.v                           ; --            ; --          ; tb1            ;
; EDA_TEST_BENCH_FILE                  ; FSM_Logical.v                          ; --            ; --          ; FSM_Logical2   ;
; EDA_TEST_BENCH_FILE                  ; Wrapper.v                              ; --            ; --          ; FSM_Logical2   ;
; EDA_TEST_BENCH_FILE                  ; FSM_Logical.v                          ; --            ; --          ; FSM_Logical    ;
; EDA_TEST_BENCH_FILE                  ; FSM_Logical_tb.v                       ; --            ; --          ; FSM_Logical    ;
; EDA_TEST_BENCH_FILE                  ; Wrapper.v                              ; --            ; --          ; FSM_Logical    ;
; EDA_TEST_BENCH_MODULE_NAME           ; Wrapper_tb                             ; --            ; --          ; tb1            ;
; EDA_TEST_BENCH_MODULE_NAME           ; FSM_Logical2                           ; --            ; --          ; FSM_Logical2   ;
; EDA_TEST_BENCH_MODULE_NAME           ; FSM_Logical_tb                         ; --            ; --          ; FSM_Logical    ;
; EDA_TEST_BENCH_NAME                  ; tb1                                    ; --            ; --          ; eda_simulation ;
; EDA_TEST_BENCH_NAME                  ; FSM_Logical                            ; --            ; --          ; eda_simulation ;
; EDA_TEST_BENCH_NAME                  ; FSM_Logical2                           ; --            ; --          ; eda_simulation ;
; EDA_TEST_BENCH_RUN_SIM_FOR           ; 1 s                                    ; --            ; --          ; tb1            ;
; EDA_TEST_BENCH_RUN_SIM_FOR           ; 1 s                                    ; --            ; --          ; FSM_Logical2   ;
; EDA_TEST_BENCH_RUN_SIM_FOR           ; 1 s                                    ; --            ; --          ; FSM_Logical    ;
; EDA_TIME_SCALE                       ; 1 ps                                   ; --            ; --          ; eda_simulation ;
; MAX_CORE_JUNCTION_TEMP               ; 85                                     ; --            ; --          ; --             ;
; MIN_CORE_JUNCTION_TEMP               ; 0                                      ; --            ; --          ; --             ;
; PARTITION_COLOR                      ; -- (Not supported for targeted family) ; --            ; fibfsm      ; Top            ;
; PARTITION_FITTER_PRESERVATION_LEVEL  ; -- (Not supported for targeted family) ; --            ; fibfsm      ; Top            ;
; PARTITION_NETLIST_TYPE               ; -- (Not supported for targeted family) ; --            ; fibfsm      ; Top            ;
; POWER_BOARD_THERMAL_MODEL            ; None (CONSERVATIVE)                    ; --            ; --          ; --             ;
; POWER_PRESET_COOLING_SOLUTION        ; 23 MM HEAT SINK WITH 200 LFPM AIRFLOW  ; --            ; --          ; --             ;
; PROJECT_OUTPUT_DIRECTORY             ; output_files                           ; --            ; --          ; --             ;
; TOP_LEVEL_ENTITY                     ; fibfsm                                 ; regfile       ; --          ; --             ;
+--------------------------------------+----------------------------------------+---------------+-------------+----------------+


+--------------------------------------------------------------------------------------------------------------------------+
; Flow Elapsed Time                                                                                                        ;
+----------------------+--------------+-------------------------+---------------------+------------------------------------+
; Module Name          ; Elapsed Time ; Average Processors Used ; Peak Virtual Memory ; Total CPU Time (on all processors) ;
+----------------------+--------------+-------------------------+---------------------+------------------------------------+
; Analysis & Synthesis ; 00:00:10     ; 1.0                     ; 754 MB              ; 00:00:22                           ;
; Fitter               ; 00:00:36     ; 1.0                     ; 2541 MB             ; 00:01:15                           ;
; Assembler            ; 00:00:06     ; 1.0                     ; 756 MB              ; 00:00:06                           ;
; Timing Analyzer      ; 00:00:06     ; 1.3                     ; 1063 MB             ; 00:00:06                           ;
; EDA Netlist Writer   ; 00:00:01     ; 1.0                     ; 665 MB              ; 00:00:01                           ;
; Total                ; 00:00:59     ; --                      ; --                  ; 00:01:50                           ;
+----------------------+--------------+-------------------------+---------------------+------------------------------------+


+------------------------------------------------------------------------------------+
; Flow OS Summary                                                                    ;
+----------------------+------------------+------------+------------+----------------+
; Module Name          ; Machine Hostname ; OS Name    ; OS Version ; Processor type ;
+----------------------+------------------+------------+------------+----------------+
; Analysis & Synthesis ; DESKTOP-G5FJKIP  ; Windows 10 ; 10.0       ; x86_64         ;
; Fitter               ; DESKTOP-G5FJKIP  ; Windows 10 ; 10.0       ; x86_64         ;
; Assembler            ; DESKTOP-G5FJKIP  ; Windows 10 ; 10.0       ; x86_64         ;
; Timing Analyzer      ; DESKTOP-G5FJKIP  ; Windows 10 ; 10.0       ; x86_64         ;
; EDA Netlist Writer   ; DESKTOP-G5FJKIP  ; Windows 10 ; 10.0       ; x86_64         ;
+----------------------+------------------+------------+------------+----------------+


------------
; Flow Log ;
------------
quartus_map --read_settings_files=on --write_settings_files=off regfile -c regfile
quartus_fit --read_settings_files=off --write_settings_files=off regfile -c regfile
quartus_asm --read_settings_files=off --write_settings_files=off regfile -c regfile
quartus_sta regfile -c regfile
quartus_eda --read_settings_files=off --write_settings_files=off regfile -c regfile



