Analysis & Synthesis report for music_generator
Wed Dec 05 20:14:27 2018
Quartus Prime Version 18.0.0 Build 614 04/24/2018 SJ Lite Edition


---------------------
; Table of Contents ;
---------------------
  1. Legal Notice
  2. Analysis & Synthesis Summary
  3. Analysis & Synthesis Settings
  4. Parallel Compilation
  5. Analysis & Synthesis Source Files Read
  6. Analysis & Synthesis Resource Usage Summary
  7. Analysis & Synthesis Resource Utilization by Entity
  8. State Machine - |music_generator|state
  9. Registers Removed During Synthesis
 10. General Register Statistics
 11. Multiplexer Restructuring Statistics (Restructuring Performed)
 12. Post-Synthesis Netlist Statistics for Top Partition
 13. Elapsed Time Per Partition
 14. Analysis & Synthesis Messages
 15. Analysis & Synthesis Suppressed Messages



----------------
; Legal Notice ;
----------------
Copyright (C) 2018  Intel Corporation. All rights reserved.
Your use of Intel Corporation's design tools, logic functions 
and other software and tools, and its AMPP partner logic 
functions, and any output files from any of the foregoing 
(including device programming or simulation files), and any 
associated documentation or information are expressly subject 
to the terms and conditions of the Intel Program License 
Subscription Agreement, the Intel Quartus Prime License Agreement,
the Intel FPGA IP License Agreement, or other applicable license
agreement, including, without limitation, that your use is for
the sole purpose of programming logic devices manufactured by
Intel and sold by Intel or its authorized distributors.  Please
refer to the applicable agreement for further details.



+-------------------------------------------------------------------------------+
; Analysis & Synthesis Summary                                                  ;
+---------------------------------+---------------------------------------------+
; Analysis & Synthesis Status     ; Successful - Wed Dec 05 20:14:27 2018       ;
; Quartus Prime Version           ; 18.0.0 Build 614 04/24/2018 SJ Lite Edition ;
; Revision Name                   ; music_generator                             ;
; Top-level Entity Name           ; music_generator                             ;
; Family                          ; Cyclone V                                   ;
; Logic utilization (in ALMs)     ; N/A                                         ;
; Total registers                 ; 292                                         ;
; Total pins                      ; 6                                           ;
; Total virtual pins              ; 0                                           ;
; Total block memory bits         ; 0                                           ;
; Total DSP Blocks                ; 0                                           ;
; Total HSSI RX PCSs              ; 0                                           ;
; Total HSSI PMA RX Deserializers ; 0                                           ;
; Total HSSI TX PCSs              ; 0                                           ;
; Total HSSI PMA TX Serializers   ; 0                                           ;
; Total PLLs                      ; 0                                           ;
; Total DLLs                      ; 0                                           ;
+---------------------------------+---------------------------------------------+


+---------------------------------------------------------------------------------------------------------------------------+
; Analysis & Synthesis Settings                                                                                             ;
+---------------------------------------------------------------------------------+--------------------+--------------------+
; Option                                                                          ; Setting            ; Default Value      ;
+---------------------------------------------------------------------------------+--------------------+--------------------+
; Device                                                                          ; 5CSEMA6F31C6       ;                    ;
; Top-level entity name                                                           ; music_generator    ; music_generator    ;
; Family name                                                                     ; Cyclone V          ; Cyclone V          ;
; Use smart compilation                                                           ; Off                ; Off                ;
; Enable parallel Assembler and Timing Analyzer during compilation                ; On                 ; On                 ;
; Enable compact report table                                                     ; Off                ; Off                ;
; Restructure Multiplexers                                                        ; Auto               ; Auto               ;
; MLAB Add Timing Constraints For Mixed-Port Feed-Through Mode Setting Don't Care ; Off                ; Off                ;
; Create Debugging Nodes for IP Cores                                             ; Off                ; Off                ;
; Preserve fewer node names                                                       ; On                 ; On                 ;
; Intel FPGA IP Evaluation Mode                                                   ; Enable             ; Enable             ;
; Verilog Version                                                                 ; Verilog_2001       ; Verilog_2001       ;
; VHDL Version                                                                    ; VHDL_1993          ; VHDL_1993          ;
; State Machine Processing                                                        ; Auto               ; Auto               ;
; Safe State Machine                                                              ; Off                ; Off                ;
; Extract Verilog State Machines                                                  ; On                 ; On                 ;
; Extract VHDL State Machines                                                     ; On                 ; On                 ;
; Ignore Verilog initial constructs                                               ; Off                ; Off                ;
; Iteration limit for constant Verilog loops                                      ; 5000               ; 5000               ;
; Iteration limit for non-constant Verilog loops                                  ; 250                ; 250                ;
; Add Pass-Through Logic to Inferred RAMs                                         ; On                 ; On                 ;
; Infer RAMs from Raw Logic                                                       ; On                 ; On                 ;
; Parallel Synthesis                                                              ; On                 ; On                 ;
; DSP Block Balancing                                                             ; Auto               ; Auto               ;
; NOT Gate Push-Back                                                              ; On                 ; On                 ;
; Power-Up Don't Care                                                             ; On                 ; On                 ;
; Remove Redundant Logic Cells                                                    ; Off                ; Off                ;
; Remove Duplicate Registers                                                      ; On                 ; On                 ;
; Ignore CARRY Buffers                                                            ; Off                ; Off                ;
; Ignore CASCADE Buffers                                                          ; Off                ; Off                ;
; Ignore GLOBAL Buffers                                                           ; Off                ; Off                ;
; Ignore ROW GLOBAL Buffers                                                       ; Off                ; Off                ;
; Ignore LCELL Buffers                                                            ; Off                ; Off                ;
; Ignore SOFT Buffers                                                             ; On                 ; On                 ;
; Limit AHDL Integers to 32 Bits                                                  ; Off                ; Off                ;
; Optimization Technique                                                          ; Balanced           ; Balanced           ;
; Carry Chain Length                                                              ; 70                 ; 70                 ;
; Auto Carry Chains                                                               ; On                 ; On                 ;
; Auto Open-Drain Pins                                                            ; On                 ; On                 ;
; Perform WYSIWYG Primitive Resynthesis                                           ; Off                ; Off                ;
; Auto ROM Replacement                                                            ; On                 ; On                 ;
; Auto RAM Replacement                                                            ; On                 ; On                 ;
; Auto DSP Block Replacement                                                      ; On                 ; On                 ;
; Auto Shift Register Replacement                                                 ; Auto               ; Auto               ;
; Allow Shift Register Merging across Hierarchies                                 ; Auto               ; Auto               ;
; Auto Clock Enable Replacement                                                   ; On                 ; On                 ;
; Strict RAM Replacement                                                          ; Off                ; Off                ;
; Allow Synchronous Control Signals                                               ; On                 ; On                 ;
; Force Use of Synchronous Clear Signals                                          ; Off                ; Off                ;
; Auto Resource Sharing                                                           ; Off                ; Off                ;
; Allow Any RAM Size For Recognition                                              ; Off                ; Off                ;
; Allow Any ROM Size For Recognition                                              ; Off                ; Off                ;
; Allow Any Shift Register Size For Recognition                                   ; Off                ; Off                ;
; Use LogicLock Constraints during Resource Balancing                             ; On                 ; On                 ;
; Ignore translate_off and synthesis_off directives                               ; Off                ; Off                ;
; Timing-Driven Synthesis                                                         ; On                 ; On                 ;
; Report Parameter Settings                                                       ; On                 ; On                 ;
; Report Source Assignments                                                       ; On                 ; On                 ;
; Report Connectivity Checks                                                      ; On                 ; On                 ;
; Ignore Maximum Fan-Out Assignments                                              ; Off                ; Off                ;
; Synchronization Register Chain Length                                           ; 3                  ; 3                  ;
; Power Optimization During Synthesis                                             ; Normal compilation ; Normal compilation ;
; HDL message level                                                               ; Level2             ; Level2             ;
; Suppress Register Optimization Related Messages                                 ; Off                ; Off                ;
; Number of Removed Registers Reported in Synthesis Report                        ; 5000               ; 5000               ;
; Number of Swept Nodes Reported in Synthesis Report                              ; 5000               ; 5000               ;
; Number of Inverted Registers Reported in Synthesis Report                       ; 100                ; 100                ;
; Clock MUX Protection                                                            ; On                 ; On                 ;
; Auto Gated Clock Conversion                                                     ; Off                ; Off                ;
; Block Design Naming                                                             ; Auto               ; Auto               ;
; SDC constraint protection                                                       ; Off                ; Off                ;
; Synthesis Effort                                                                ; Auto               ; Auto               ;
; Shift Register Replacement - Allow Asynchronous Clear Signal                    ; On                 ; On                 ;
; Pre-Mapping Resynthesis Optimization                                            ; Off                ; Off                ;
; Analysis & Synthesis Message Level                                              ; Medium             ; Medium             ;
; Disable Register Merging Across Hierarchies                                     ; Auto               ; Auto               ;
; Resource Aware Inference For Block RAM                                          ; On                 ; On                 ;
; Automatic Parallel Synthesis                                                    ; On                 ; On                 ;
; Partial Reconfiguration Bitstream ID                                            ; Off                ; Off                ;
+---------------------------------------------------------------------------------+--------------------+--------------------+


+------------------------------------------+
; Parallel Compilation                     ;
+----------------------------+-------------+
; Processors                 ; Number      ;
+----------------------------+-------------+
; Number detected on machine ; 4           ;
; Maximum allowed            ; 2           ;
;                            ;             ;
; Average used               ; 1.00        ;
; Maximum used               ; 2           ;
;                            ;             ;
; Usage by Processor         ; % Time Used ;
;     Processor 1            ; 100.0%      ;
;     Processor 2            ;   0.0%      ;
+----------------------------+-------------+


+-----------------------------------------------------------------------------------------------------------------------------------------------------------------------------------------------------------------------------------+
; Analysis & Synthesis Source Files Read                                                                                                                                                                                            ;
+----------------------------------------------------------------------------------+-----------------+------------------------+-------------------------------------------------------------------------------------------+---------+
; File Name with User-Entered Path                                                 ; Used in Netlist ; File Type              ; File Name with Absolute Path                                                              ; Library ;
+----------------------------------------------------------------------------------+-----------------+------------------------+-------------------------------------------------------------------------------------------+---------+
; ../../Downloads/Music_Generator-20181204T023133Z-001/Music_Generator/Rest.v      ; yes             ; User Verilog HDL File  ; C:/Users/steen/Downloads/Music_Generator-20181204T023133Z-001/Music_Generator/Rest.v      ;         ;
; ../../Downloads/Music_Generator-20181204T023133Z-001/Music_Generator/music_gen.v ; yes             ; User Verilog HDL File  ; C:/Users/steen/Downloads/Music_Generator-20181204T023133Z-001/Music_Generator/music_gen.v ;         ;
; ../../Downloads/Music_Generator-20181204T023133Z-001/Music_Generator/G4S.v       ; yes             ; User Verilog HDL File  ; C:/Users/steen/Downloads/Music_Generator-20181204T023133Z-001/Music_Generator/G4S.v       ;         ;
; ../../Downloads/Music_Generator-20181204T023133Z-001/Music_Generator/G4.v        ; yes             ; User Verilog HDL File  ; C:/Users/steen/Downloads/Music_Generator-20181204T023133Z-001/Music_Generator/G4.v        ;         ;
; ../../Downloads/Music_Generator-20181204T023133Z-001/Music_Generator/F4.v        ; yes             ; User Verilog HDL File  ; C:/Users/steen/Downloads/Music_Generator-20181204T023133Z-001/Music_Generator/F4.v        ;         ;
; ../../Downloads/Music_Generator-20181204T023133Z-001/Music_Generator/E4.v        ; yes             ; User Verilog HDL File  ; C:/Users/steen/Downloads/Music_Generator-20181204T023133Z-001/Music_Generator/E4.v        ;         ;
; ../../Downloads/Music_Generator-20181204T023133Z-001/Music_Generator/D5.v        ; yes             ; User Verilog HDL File  ; C:/Users/steen/Downloads/Music_Generator-20181204T023133Z-001/Music_Generator/D5.v        ;         ;
; ../../Downloads/Music_Generator-20181204T023133Z-001/Music_Generator/D4.v        ; yes             ; User Verilog HDL File  ; C:/Users/steen/Downloads/Music_Generator-20181204T023133Z-001/Music_Generator/D4.v        ;         ;
; ../../Downloads/Music_Generator-20181204T023133Z-001/Music_Generator/C5S.v       ; yes             ; User Verilog HDL File  ; C:/Users/steen/Downloads/Music_Generator-20181204T023133Z-001/Music_Generator/C5S.v       ;         ;
; ../../Downloads/Music_Generator-20181204T023133Z-001/Music_Generator/C5.v        ; yes             ; User Verilog HDL File  ; C:/Users/steen/Downloads/Music_Generator-20181204T023133Z-001/Music_Generator/C5.v        ;         ;
; ../../Downloads/Music_Generator-20181204T023133Z-001/Music_Generator/C4.v        ; yes             ; User Verilog HDL File  ; C:/Users/steen/Downloads/Music_Generator-20181204T023133Z-001/Music_Generator/C4.v        ;         ;
; ../../Downloads/Music_Generator-20181204T023133Z-001/Music_Generator/B4F.v       ; yes             ; User Verilog HDL File  ; C:/Users/steen/Downloads/Music_Generator-20181204T023133Z-001/Music_Generator/B4F.v       ;         ;
; ../../Downloads/Music_Generator-20181204T023133Z-001/Music_Generator/B4.v        ; yes             ; User Verilog HDL File  ; C:/Users/steen/Downloads/Music_Generator-20181204T023133Z-001/Music_Generator/B4.v        ;         ;
; ../../Downloads/Music_Generator-20181204T023133Z-001/Music_Generator/A4.v        ; yes             ; User Verilog HDL File  ; C:/Users/steen/Downloads/Music_Generator-20181204T023133Z-001/Music_Generator/A4.v        ;         ;
+----------------------------------------------------------------------------------+-----------------+------------------------+-------------------------------------------------------------------------------------------+---------+


+---------------------------------------------------------+
; Analysis & Synthesis Resource Usage Summary             ;
+---------------------------------------------+-----------+
; Resource                                    ; Usage     ;
+---------------------------------------------+-----------+
; Estimate of Logic utilization (ALMs needed) ; 211       ;
;                                             ;           ;
; Combinational ALUT usage for logic          ; 384       ;
;     -- 7 input functions                    ; 1         ;
;     -- 6 input functions                    ; 33        ;
;     -- 5 input functions                    ; 52        ;
;     -- 4 input functions                    ; 30        ;
;     -- <=3 input functions                  ; 268       ;
;                                             ;           ;
; Dedicated logic registers                   ; 292       ;
;                                             ;           ;
; I/O pins                                    ; 6         ;
;                                             ;           ;
; Total DSP Blocks                            ; 0         ;
;                                             ;           ;
; Maximum fan-out node                        ; clk~input ;
; Maximum fan-out                             ; 292       ;
; Total fan-out                               ; 2015      ;
; Average fan-out                             ; 2.93      ;
+---------------------------------------------+-----------+


+-------------------------------------------------------------------------------------------------------------------------------------------------------------------------------------------------+
; Analysis & Synthesis Resource Utilization by Entity                                                                                                                                             ;
+----------------------------+---------------------+---------------------------+-------------------+------------+------+--------------+--------------------------+-----------------+--------------+
; Compilation Hierarchy Node ; Combinational ALUTs ; Dedicated Logic Registers ; Block Memory Bits ; DSP Blocks ; Pins ; Virtual Pins ; Full Hierarchy Name      ; Entity Name     ; Library Name ;
+----------------------------+---------------------+---------------------------+-------------------+------------+------+--------------+--------------------------+-----------------+--------------+
; |music_generator           ; 384 (108)           ; 292 (64)                  ; 0                 ; 0          ; 6    ; 0            ; |music_generator         ; music_generator ; work         ;
;    |A4:U1|                 ; 23 (23)             ; 19 (19)                   ; 0                 ; 0          ; 0    ; 0            ; |music_generator|A4:U1   ; A4              ; work         ;
;    |B4:U2|                 ; 23 (23)             ; 19 (19)                   ; 0                 ; 0          ; 0    ; 0            ; |music_generator|B4:U2   ; B4              ; work         ;
;    |B4F:U8|                ; 23 (23)             ; 19 (19)                   ; 0                 ; 0          ; 0    ; 0            ; |music_generator|B4F:U8  ; B4F             ; work         ;
;    |C4:U3|                 ; 23 (23)             ; 19 (19)                   ; 0                 ; 0          ; 0    ; 0            ; |music_generator|C4:U3   ; C4              ; work         ;
;    |C5:U9|                 ; 23 (23)             ; 19 (19)                   ; 0                 ; 0          ; 0    ; 0            ; |music_generator|C5:U9   ; C5              ; work         ;
;    |C5S:U10|               ; 23 (23)             ; 19 (19)                   ; 0                 ; 0          ; 0    ; 0            ; |music_generator|C5S:U10 ; C5S             ; work         ;
;    |D4:U4|                 ; 23 (23)             ; 19 (19)                   ; 0                 ; 0          ; 0    ; 0            ; |music_generator|D4:U4   ; D4              ; work         ;
;    |D5:U11|                ; 23 (23)             ; 19 (19)                   ; 0                 ; 0          ; 0    ; 0            ; |music_generator|D5:U11  ; D5              ; work         ;
;    |E4:U5|                 ; 23 (23)             ; 19 (19)                   ; 0                 ; 0          ; 0    ; 0            ; |music_generator|E4:U5   ; E4              ; work         ;
;    |F4:U6|                 ; 23 (23)             ; 19 (19)                   ; 0                 ; 0          ; 0    ; 0            ; |music_generator|F4:U6   ; F4              ; work         ;
;    |G4:U7|                 ; 23 (23)             ; 19 (19)                   ; 0                 ; 0          ; 0    ; 0            ; |music_generator|G4:U7   ; G4              ; work         ;
;    |G4S:U12|               ; 23 (23)             ; 19 (19)                   ; 0                 ; 0          ; 0    ; 0            ; |music_generator|G4S:U12 ; G4S             ; work         ;
+----------------------------+---------------------+---------------------------+-------------------+------------+------+--------------+--------------------------+-----------------+--------------+
Note: For table entries with two numbers listed, the numbers in parentheses indicate the number of resources of the given type used by the specific entity alone. The numbers listed outside of parentheses indicate the total resources of the given type used by the specific entity and all of its sub-entities in the hierarchy.


Encoding Type:  One-Hot
+--------------------------------------------------------------------------------------------------------------------------------------------------------------------------------------------------------------------------------------------------------------------------------------------------------------------------------------------------------------------------------------------------------------------------------------------------------------------------------------------------------------------------------------------------------------------------+
; State Machine - |music_generator|state                                                                                                                                                                                                                                                                                                                                                                                                                                                                                                                                   ;
+--------------+--------------+--------------+--------------+--------------+--------------+--------------+--------------+--------------+--------------+--------------+--------------+--------------+--------------+--------------+--------------+--------------+--------------+--------------+--------------+--------------+--------------+--------------+--------------+--------------+--------------+--------------+--------------+--------------+--------------+--------------+--------------+--------------+--------------+--------------+--------------+--------------+
; Name         ; state.100101 ; state.100100 ; state.100011 ; state.100010 ; state.100001 ; state.100000 ; state.011111 ; state.011110 ; state.011101 ; state.011100 ; state.011011 ; state.011010 ; state.011001 ; state.011000 ; state.010111 ; state.010110 ; state.010101 ; state.010100 ; state.010011 ; state.010010 ; state.010001 ; state.010000 ; state.001111 ; state.001110 ; state.001101 ; state.001100 ; state.001011 ; state.001010 ; state.001001 ; state.001000 ; state.000111 ; state.000101 ; state.000100 ; state.000011 ; state.000010 ; state.000001 ;
+--------------+--------------+--------------+--------------+--------------+--------------+--------------+--------------+--------------+--------------+--------------+--------------+--------------+--------------+--------------+--------------+--------------+--------------+--------------+--------------+--------------+--------------+--------------+--------------+--------------+--------------+--------------+--------------+--------------+--------------+--------------+--------------+--------------+--------------+--------------+--------------+--------------+
; state.000001 ; 0            ; 0            ; 0            ; 0            ; 0            ; 0            ; 0            ; 0            ; 0            ; 0            ; 0            ; 0            ; 0            ; 0            ; 0            ; 0            ; 0            ; 0            ; 0            ; 0            ; 0            ; 0            ; 0            ; 0            ; 0            ; 0            ; 0            ; 0            ; 0            ; 0            ; 0            ; 0            ; 0            ; 0            ; 0            ; 0            ;
; state.000010 ; 0            ; 0            ; 0            ; 0            ; 0            ; 0            ; 0            ; 0            ; 0            ; 0            ; 0            ; 0            ; 0            ; 0            ; 0            ; 0            ; 0            ; 0            ; 0            ; 0            ; 0            ; 0            ; 0            ; 0            ; 0            ; 0            ; 0            ; 0            ; 0            ; 0            ; 0            ; 0            ; 0            ; 0            ; 1            ; 1            ;
; state.000011 ; 0            ; 0            ; 0            ; 0            ; 0            ; 0            ; 0            ; 0            ; 0            ; 0            ; 0            ; 0            ; 0            ; 0            ; 0            ; 0            ; 0            ; 0            ; 0            ; 0            ; 0            ; 0            ; 0            ; 0            ; 0            ; 0            ; 0            ; 0            ; 0            ; 0            ; 0            ; 0            ; 0            ; 1            ; 0            ; 1            ;
; state.000100 ; 0            ; 0            ; 0            ; 0            ; 0            ; 0            ; 0            ; 0            ; 0            ; 0            ; 0            ; 0            ; 0            ; 0            ; 0            ; 0            ; 0            ; 0            ; 0            ; 0            ; 0            ; 0            ; 0            ; 0            ; 0            ; 0            ; 0            ; 0            ; 0            ; 0            ; 0            ; 0            ; 1            ; 0            ; 0            ; 1            ;
; state.000101 ; 0            ; 0            ; 0            ; 0            ; 0            ; 0            ; 0            ; 0            ; 0            ; 0            ; 0            ; 0            ; 0            ; 0            ; 0            ; 0            ; 0            ; 0            ; 0            ; 0            ; 0            ; 0            ; 0            ; 0            ; 0            ; 0            ; 0            ; 0            ; 0            ; 0            ; 0            ; 1            ; 0            ; 0            ; 0            ; 1            ;
; state.000111 ; 0            ; 0            ; 0            ; 0            ; 0            ; 0            ; 0            ; 0            ; 0            ; 0            ; 0            ; 0            ; 0            ; 0            ; 0            ; 0            ; 0            ; 0            ; 0            ; 0            ; 0            ; 0            ; 0            ; 0            ; 0            ; 0            ; 0            ; 0            ; 0            ; 0            ; 1            ; 0            ; 0            ; 0            ; 0            ; 1            ;
; state.001000 ; 0            ; 0            ; 0            ; 0            ; 0            ; 0            ; 0            ; 0            ; 0            ; 0            ; 0            ; 0            ; 0            ; 0            ; 0            ; 0            ; 0            ; 0            ; 0            ; 0            ; 0            ; 0            ; 0            ; 0            ; 0            ; 0            ; 0            ; 0            ; 0            ; 1            ; 0            ; 0            ; 0            ; 0            ; 0            ; 1            ;
; state.001001 ; 0            ; 0            ; 0            ; 0            ; 0            ; 0            ; 0            ; 0            ; 0            ; 0            ; 0            ; 0            ; 0            ; 0            ; 0            ; 0            ; 0            ; 0            ; 0            ; 0            ; 0            ; 0            ; 0            ; 0            ; 0            ; 0            ; 0            ; 0            ; 1            ; 0            ; 0            ; 0            ; 0            ; 0            ; 0            ; 1            ;
; state.001010 ; 0            ; 0            ; 0            ; 0            ; 0            ; 0            ; 0            ; 0            ; 0            ; 0            ; 0            ; 0            ; 0            ; 0            ; 0            ; 0            ; 0            ; 0            ; 0            ; 0            ; 0            ; 0            ; 0            ; 0            ; 0            ; 0            ; 0            ; 1            ; 0            ; 0            ; 0            ; 0            ; 0            ; 0            ; 0            ; 1            ;
; state.001011 ; 0            ; 0            ; 0            ; 0            ; 0            ; 0            ; 0            ; 0            ; 0            ; 0            ; 0            ; 0            ; 0            ; 0            ; 0            ; 0            ; 0            ; 0            ; 0            ; 0            ; 0            ; 0            ; 0            ; 0            ; 0            ; 0            ; 1            ; 0            ; 0            ; 0            ; 0            ; 0            ; 0            ; 0            ; 0            ; 1            ;
; state.001100 ; 0            ; 0            ; 0            ; 0            ; 0            ; 0            ; 0            ; 0            ; 0            ; 0            ; 0            ; 0            ; 0            ; 0            ; 0            ; 0            ; 0            ; 0            ; 0            ; 0            ; 0            ; 0            ; 0            ; 0            ; 0            ; 1            ; 0            ; 0            ; 0            ; 0            ; 0            ; 0            ; 0            ; 0            ; 0            ; 1            ;
; state.001101 ; 0            ; 0            ; 0            ; 0            ; 0            ; 0            ; 0            ; 0            ; 0            ; 0            ; 0            ; 0            ; 0            ; 0            ; 0            ; 0            ; 0            ; 0            ; 0            ; 0            ; 0            ; 0            ; 0            ; 0            ; 1            ; 0            ; 0            ; 0            ; 0            ; 0            ; 0            ; 0            ; 0            ; 0            ; 0            ; 1            ;
; state.001110 ; 0            ; 0            ; 0            ; 0            ; 0            ; 0            ; 0            ; 0            ; 0            ; 0            ; 0            ; 0            ; 0            ; 0            ; 0            ; 0            ; 0            ; 0            ; 0            ; 0            ; 0            ; 0            ; 0            ; 1            ; 0            ; 0            ; 0            ; 0            ; 0            ; 0            ; 0            ; 0            ; 0            ; 0            ; 0            ; 1            ;
; state.001111 ; 0            ; 0            ; 0            ; 0            ; 0            ; 0            ; 0            ; 0            ; 0            ; 0            ; 0            ; 0            ; 0            ; 0            ; 0            ; 0            ; 0            ; 0            ; 0            ; 0            ; 0            ; 0            ; 1            ; 0            ; 0            ; 0            ; 0            ; 0            ; 0            ; 0            ; 0            ; 0            ; 0            ; 0            ; 0            ; 1            ;
; state.010000 ; 0            ; 0            ; 0            ; 0            ; 0            ; 0            ; 0            ; 0            ; 0            ; 0            ; 0            ; 0            ; 0            ; 0            ; 0            ; 0            ; 0            ; 0            ; 0            ; 0            ; 0            ; 1            ; 0            ; 0            ; 0            ; 0            ; 0            ; 0            ; 0            ; 0            ; 0            ; 0            ; 0            ; 0            ; 0            ; 1            ;
; state.010001 ; 0            ; 0            ; 0            ; 0            ; 0            ; 0            ; 0            ; 0            ; 0            ; 0            ; 0            ; 0            ; 0            ; 0            ; 0            ; 0            ; 0            ; 0            ; 0            ; 0            ; 1            ; 0            ; 0            ; 0            ; 0            ; 0            ; 0            ; 0            ; 0            ; 0            ; 0            ; 0            ; 0            ; 0            ; 0            ; 1            ;
; state.010010 ; 0            ; 0            ; 0            ; 0            ; 0            ; 0            ; 0            ; 0            ; 0            ; 0            ; 0            ; 0            ; 0            ; 0            ; 0            ; 0            ; 0            ; 0            ; 0            ; 1            ; 0            ; 0            ; 0            ; 0            ; 0            ; 0            ; 0            ; 0            ; 0            ; 0            ; 0            ; 0            ; 0            ; 0            ; 0            ; 1            ;
; state.010011 ; 0            ; 0            ; 0            ; 0            ; 0            ; 0            ; 0            ; 0            ; 0            ; 0            ; 0            ; 0            ; 0            ; 0            ; 0            ; 0            ; 0            ; 0            ; 1            ; 0            ; 0            ; 0            ; 0            ; 0            ; 0            ; 0            ; 0            ; 0            ; 0            ; 0            ; 0            ; 0            ; 0            ; 0            ; 0            ; 1            ;
; state.010100 ; 0            ; 0            ; 0            ; 0            ; 0            ; 0            ; 0            ; 0            ; 0            ; 0            ; 0            ; 0            ; 0            ; 0            ; 0            ; 0            ; 0            ; 1            ; 0            ; 0            ; 0            ; 0            ; 0            ; 0            ; 0            ; 0            ; 0            ; 0            ; 0            ; 0            ; 0            ; 0            ; 0            ; 0            ; 0            ; 1            ;
; state.010101 ; 0            ; 0            ; 0            ; 0            ; 0            ; 0            ; 0            ; 0            ; 0            ; 0            ; 0            ; 0            ; 0            ; 0            ; 0            ; 0            ; 1            ; 0            ; 0            ; 0            ; 0            ; 0            ; 0            ; 0            ; 0            ; 0            ; 0            ; 0            ; 0            ; 0            ; 0            ; 0            ; 0            ; 0            ; 0            ; 1            ;
; state.010110 ; 0            ; 0            ; 0            ; 0            ; 0            ; 0            ; 0            ; 0            ; 0            ; 0            ; 0            ; 0            ; 0            ; 0            ; 0            ; 1            ; 0            ; 0            ; 0            ; 0            ; 0            ; 0            ; 0            ; 0            ; 0            ; 0            ; 0            ; 0            ; 0            ; 0            ; 0            ; 0            ; 0            ; 0            ; 0            ; 1            ;
; state.010111 ; 0            ; 0            ; 0            ; 0            ; 0            ; 0            ; 0            ; 0            ; 0            ; 0            ; 0            ; 0            ; 0            ; 0            ; 1            ; 0            ; 0            ; 0            ; 0            ; 0            ; 0            ; 0            ; 0            ; 0            ; 0            ; 0            ; 0            ; 0            ; 0            ; 0            ; 0            ; 0            ; 0            ; 0            ; 0            ; 1            ;
; state.011000 ; 0            ; 0            ; 0            ; 0            ; 0            ; 0            ; 0            ; 0            ; 0            ; 0            ; 0            ; 0            ; 0            ; 1            ; 0            ; 0            ; 0            ; 0            ; 0            ; 0            ; 0            ; 0            ; 0            ; 0            ; 0            ; 0            ; 0            ; 0            ; 0            ; 0            ; 0            ; 0            ; 0            ; 0            ; 0            ; 1            ;
; state.011001 ; 0            ; 0            ; 0            ; 0            ; 0            ; 0            ; 0            ; 0            ; 0            ; 0            ; 0            ; 0            ; 1            ; 0            ; 0            ; 0            ; 0            ; 0            ; 0            ; 0            ; 0            ; 0            ; 0            ; 0            ; 0            ; 0            ; 0            ; 0            ; 0            ; 0            ; 0            ; 0            ; 0            ; 0            ; 0            ; 1            ;
; state.011010 ; 0            ; 0            ; 0            ; 0            ; 0            ; 0            ; 0            ; 0            ; 0            ; 0            ; 0            ; 1            ; 0            ; 0            ; 0            ; 0            ; 0            ; 0            ; 0            ; 0            ; 0            ; 0            ; 0            ; 0            ; 0            ; 0            ; 0            ; 0            ; 0            ; 0            ; 0            ; 0            ; 0            ; 0            ; 0            ; 1            ;
; state.011011 ; 0            ; 0            ; 0            ; 0            ; 0            ; 0            ; 0            ; 0            ; 0            ; 0            ; 1            ; 0            ; 0            ; 0            ; 0            ; 0            ; 0            ; 0            ; 0            ; 0            ; 0            ; 0            ; 0            ; 0            ; 0            ; 0            ; 0            ; 0            ; 0            ; 0            ; 0            ; 0            ; 0            ; 0            ; 0            ; 1            ;
; state.011100 ; 0            ; 0            ; 0            ; 0            ; 0            ; 0            ; 0            ; 0            ; 0            ; 1            ; 0            ; 0            ; 0            ; 0            ; 0            ; 0            ; 0            ; 0            ; 0            ; 0            ; 0            ; 0            ; 0            ; 0            ; 0            ; 0            ; 0            ; 0            ; 0            ; 0            ; 0            ; 0            ; 0            ; 0            ; 0            ; 1            ;
; state.011101 ; 0            ; 0            ; 0            ; 0            ; 0            ; 0            ; 0            ; 0            ; 1            ; 0            ; 0            ; 0            ; 0            ; 0            ; 0            ; 0            ; 0            ; 0            ; 0            ; 0            ; 0            ; 0            ; 0            ; 0            ; 0            ; 0            ; 0            ; 0            ; 0            ; 0            ; 0            ; 0            ; 0            ; 0            ; 0            ; 1            ;
; state.011110 ; 0            ; 0            ; 0            ; 0            ; 0            ; 0            ; 0            ; 1            ; 0            ; 0            ; 0            ; 0            ; 0            ; 0            ; 0            ; 0            ; 0            ; 0            ; 0            ; 0            ; 0            ; 0            ; 0            ; 0            ; 0            ; 0            ; 0            ; 0            ; 0            ; 0            ; 0            ; 0            ; 0            ; 0            ; 0            ; 1            ;
; state.011111 ; 0            ; 0            ; 0            ; 0            ; 0            ; 0            ; 1            ; 0            ; 0            ; 0            ; 0            ; 0            ; 0            ; 0            ; 0            ; 0            ; 0            ; 0            ; 0            ; 0            ; 0            ; 0            ; 0            ; 0            ; 0            ; 0            ; 0            ; 0            ; 0            ; 0            ; 0            ; 0            ; 0            ; 0            ; 0            ; 1            ;
; state.100000 ; 0            ; 0            ; 0            ; 0            ; 0            ; 1            ; 0            ; 0            ; 0            ; 0            ; 0            ; 0            ; 0            ; 0            ; 0            ; 0            ; 0            ; 0            ; 0            ; 0            ; 0            ; 0            ; 0            ; 0            ; 0            ; 0            ; 0            ; 0            ; 0            ; 0            ; 0            ; 0            ; 0            ; 0            ; 0            ; 1            ;
; state.100001 ; 0            ; 0            ; 0            ; 0            ; 1            ; 0            ; 0            ; 0            ; 0            ; 0            ; 0            ; 0            ; 0            ; 0            ; 0            ; 0            ; 0            ; 0            ; 0            ; 0            ; 0            ; 0            ; 0            ; 0            ; 0            ; 0            ; 0            ; 0            ; 0            ; 0            ; 0            ; 0            ; 0            ; 0            ; 0            ; 1            ;
; state.100010 ; 0            ; 0            ; 0            ; 1            ; 0            ; 0            ; 0            ; 0            ; 0            ; 0            ; 0            ; 0            ; 0            ; 0            ; 0            ; 0            ; 0            ; 0            ; 0            ; 0            ; 0            ; 0            ; 0            ; 0            ; 0            ; 0            ; 0            ; 0            ; 0            ; 0            ; 0            ; 0            ; 0            ; 0            ; 0            ; 1            ;
; state.100011 ; 0            ; 0            ; 1            ; 0            ; 0            ; 0            ; 0            ; 0            ; 0            ; 0            ; 0            ; 0            ; 0            ; 0            ; 0            ; 0            ; 0            ; 0            ; 0            ; 0            ; 0            ; 0            ; 0            ; 0            ; 0            ; 0            ; 0            ; 0            ; 0            ; 0            ; 0            ; 0            ; 0            ; 0            ; 0            ; 1            ;
; state.100100 ; 0            ; 1            ; 0            ; 0            ; 0            ; 0            ; 0            ; 0            ; 0            ; 0            ; 0            ; 0            ; 0            ; 0            ; 0            ; 0            ; 0            ; 0            ; 0            ; 0            ; 0            ; 0            ; 0            ; 0            ; 0            ; 0            ; 0            ; 0            ; 0            ; 0            ; 0            ; 0            ; 0            ; 0            ; 0            ; 1            ;
; state.100101 ; 1            ; 0            ; 0            ; 0            ; 0            ; 0            ; 0            ; 0            ; 0            ; 0            ; 0            ; 0            ; 0            ; 0            ; 0            ; 0            ; 0            ; 0            ; 0            ; 0            ; 0            ; 0            ; 0            ; 0            ; 0            ; 0            ; 0            ; 0            ; 0            ; 0            ; 0            ; 0            ; 0            ; 0            ; 0            ; 1            ;
+--------------+--------------+--------------+--------------+--------------+--------------+--------------+--------------+--------------+--------------+--------------+--------------+--------------+--------------+--------------+--------------+--------------+--------------+--------------+--------------+--------------+--------------+--------------+--------------+--------------+--------------+--------------+--------------+--------------+--------------+--------------+--------------+--------------+--------------+--------------+--------------+--------------+


+--------------------------------------------------------------------------------+
; Registers Removed During Synthesis                                             ;
+---------------------------------------+----------------------------------------+
; Register name                         ; Reason for Removal                     ;
+---------------------------------------+----------------------------------------+
; Rest:U0|Rest                          ; Stuck at GND due to stuck port data_in ;
; state~38                              ; Lost fanout                            ;
; state~39                              ; Lost fanout                            ;
; state~40                              ; Lost fanout                            ;
; state~41                              ; Lost fanout                            ;
; state~42                              ; Lost fanout                            ;
; state~43                              ; Lost fanout                            ;
; Total Number of Removed Registers = 7 ;                                        ;
+---------------------------------------+----------------------------------------+


+------------------------------------------------------+
; General Register Statistics                          ;
+----------------------------------------------+-------+
; Statistic                                    ; Value ;
+----------------------------------------------+-------+
; Total registers                              ; 292   ;
; Number of registers using Synchronous Clear  ; 243   ;
; Number of registers using Synchronous Load   ; 0     ;
; Number of registers using Asynchronous Clear ; 0     ;
; Number of registers using Asynchronous Load  ; 0     ;
; Number of registers using Clock Enable       ; 62    ;
; Number of registers using Preset             ; 0     ;
+----------------------------------------------+-------+


+------------------------------------------------------------------------------------------------------------------------------------------+
; Multiplexer Restructuring Statistics (Restructuring Performed)                                                                           ;
+--------------------+-----------+---------------+----------------------+------------------------+------------+----------------------------+
; Multiplexer Inputs ; Bus Width ; Baseline Area ; Area if Restructured ; Saving if Restructured ; Registered ; Example Multiplexer Output ;
+--------------------+-----------+---------------+----------------------+------------------------+------------+----------------------------+
; 8:1                ; 27 bits   ; 135 LEs       ; 0 LEs                ; 135 LEs                ; Yes        ; |music_generator|count[2]  ;
+--------------------+-----------+---------------+----------------------+------------------------+------------+----------------------------+


+-----------------------------------------------------+
; Post-Synthesis Netlist Statistics for Top Partition ;
+-----------------------+-----------------------------+
; Type                  ; Count                       ;
+-----------------------+-----------------------------+
; arriav_ff             ; 292                         ;
;     ENA               ; 35                          ;
;     ENA SCLR          ; 27                          ;
;     SCLR              ; 216                         ;
;     plain             ; 14                          ;
; arriav_lcell_comb     ; 384                         ;
;     arith             ; 243                         ;
;         1 data inputs ; 243                         ;
;     extend            ; 1                           ;
;         7 data inputs ; 1                           ;
;     normal            ; 140                         ;
;         2 data inputs ; 14                          ;
;         3 data inputs ; 11                          ;
;         4 data inputs ; 30                          ;
;         5 data inputs ; 52                          ;
;         6 data inputs ; 33                          ;
; boundary_port         ; 6                           ;
;                       ;                             ;
; Max LUT depth         ; 6.00                        ;
; Average LUT depth     ; 2.89                        ;
+-----------------------+-----------------------------+


+-------------------------------+
; Elapsed Time Per Partition    ;
+----------------+--------------+
; Partition Name ; Elapsed Time ;
+----------------+--------------+
; Top            ; 00:00:02     ;
+----------------+--------------+


+-------------------------------+
; Analysis & Synthesis Messages ;
+-------------------------------+
Info: *******************************************************************
Info: Running Quartus Prime Analysis & Synthesis
    Info: Version 18.0.0 Build 614 04/24/2018 SJ Lite Edition
    Info: Processing started: Wed Dec 05 20:14:02 2018
Info: Command: quartus_map --read_settings_files=on --write_settings_files=off music_generator -c music_generator
Warning (18236): Number of processors has not been specified which may cause overloading on shared machines.  Set the global assignment NUM_PARALLEL_PROCESSORS in your QSF to an appropriate value for best performance.
Info (20030): Parallel compilation is enabled and will use 2 of the 2 processors detected
Info (12021): Found 1 design units, including 1 entities, in source file /users/steen/downloads/music_generator-20181204t023133z-001/music_generator/rest.v
    Info (12023): Found entity 1: Rest File: C:/Users/steen/Downloads/Music_Generator-20181204T023133Z-001/Music_Generator/Rest.v Line: 21
Info (12021): Found 1 design units, including 1 entities, in source file /users/steen/downloads/music_generator-20181204t023133z-001/music_generator/music_gen.v
    Info (12023): Found entity 1: music_generator File: C:/Users/steen/Downloads/Music_Generator-20181204T023133Z-001/Music_Generator/music_gen.v Line: 21
Info (12021): Found 1 design units, including 1 entities, in source file /users/steen/downloads/music_generator-20181204t023133z-001/music_generator/habanera.v
    Info (12023): Found entity 1: Habanera File: C:/Users/steen/Downloads/Music_Generator-20181204T023133Z-001/Music_Generator/Habanera.v Line: 21
Info (12021): Found 1 design units, including 1 entities, in source file /users/steen/downloads/music_generator-20181204t023133z-001/music_generator/g4s.v
    Info (12023): Found entity 1: G4S File: C:/Users/steen/Downloads/Music_Generator-20181204T023133Z-001/Music_Generator/G4S.v Line: 21
Info (12021): Found 1 design units, including 1 entities, in source file /users/steen/downloads/music_generator-20181204t023133z-001/music_generator/g4_sharp.v
    Info (12023): Found entity 1: G4_Sharp File: C:/Users/steen/Downloads/Music_Generator-20181204T023133Z-001/Music_Generator/G4_Sharp.v Line: 21
Info (12021): Found 1 design units, including 1 entities, in source file /users/steen/downloads/music_generator-20181204t023133z-001/music_generator/g4.v
    Info (12023): Found entity 1: G4 File: C:/Users/steen/Downloads/Music_Generator-20181204T023133Z-001/Music_Generator/G4.v Line: 21
Info (12021): Found 1 design units, including 1 entities, in source file /users/steen/downloads/music_generator-20181204t023133z-001/music_generator/f4.v
    Info (12023): Found entity 1: F4 File: C:/Users/steen/Downloads/Music_Generator-20181204T023133Z-001/Music_Generator/F4.v Line: 21
Info (12021): Found 1 design units, including 1 entities, in source file /users/steen/downloads/music_generator-20181204t023133z-001/music_generator/e4.v
    Info (12023): Found entity 1: E4 File: C:/Users/steen/Downloads/Music_Generator-20181204T023133Z-001/Music_Generator/E4.v Line: 21
Info (12021): Found 1 design units, including 1 entities, in source file /users/steen/downloads/music_generator-20181204t023133z-001/music_generator/d5.v
    Info (12023): Found entity 1: D5 File: C:/Users/steen/Downloads/Music_Generator-20181204T023133Z-001/Music_Generator/D5.v Line: 21
Info (12021): Found 1 design units, including 1 entities, in source file /users/steen/downloads/music_generator-20181204t023133z-001/music_generator/d4.v
    Info (12023): Found entity 1: D4 File: C:/Users/steen/Downloads/Music_Generator-20181204T023133Z-001/Music_Generator/D4.v Line: 21
Info (12021): Found 1 design units, including 1 entities, in source file /users/steen/downloads/music_generator-20181204t023133z-001/music_generator/c5s.v
    Info (12023): Found entity 1: C5S File: C:/Users/steen/Downloads/Music_Generator-20181204T023133Z-001/Music_Generator/C5S.v Line: 21
Info (12021): Found 1 design units, including 1 entities, in source file /users/steen/downloads/music_generator-20181204t023133z-001/music_generator/c5_sharp.v
    Info (12023): Found entity 1: C5_Sharp File: C:/Users/steen/Downloads/Music_Generator-20181204T023133Z-001/Music_Generator/C5_Sharp.v Line: 21
Info (12021): Found 1 design units, including 1 entities, in source file /users/steen/downloads/music_generator-20181204t023133z-001/music_generator/c5.v
    Info (12023): Found entity 1: C5 File: C:/Users/steen/Downloads/Music_Generator-20181204T023133Z-001/Music_Generator/C5.v Line: 21
Info (12021): Found 1 design units, including 1 entities, in source file /users/steen/downloads/music_generator-20181204t023133z-001/music_generator/c4.v
    Info (12023): Found entity 1: C4 File: C:/Users/steen/Downloads/Music_Generator-20181204T023133Z-001/Music_Generator/C4.v Line: 21
Info (12021): Found 1 design units, including 1 entities, in source file /users/steen/downloads/music_generator-20181204t023133z-001/music_generator/b4f.v
    Info (12023): Found entity 1: B4F File: C:/Users/steen/Downloads/Music_Generator-20181204T023133Z-001/Music_Generator/B4F.v Line: 21
Info (12021): Found 1 design units, including 1 entities, in source file /users/steen/downloads/music_generator-20181204t023133z-001/music_generator/b4_flat.v
    Info (12023): Found entity 1: B4_Flat File: C:/Users/steen/Downloads/Music_Generator-20181204T023133Z-001/Music_Generator/B4_Flat.v Line: 21
Info (12021): Found 1 design units, including 1 entities, in source file /users/steen/downloads/music_generator-20181204t023133z-001/music_generator/b4.v
    Info (12023): Found entity 1: B4 File: C:/Users/steen/Downloads/Music_Generator-20181204T023133Z-001/Music_Generator/B4.v Line: 21
Info (12021): Found 1 design units, including 1 entities, in source file /users/steen/downloads/music_generator-20181204t023133z-001/music_generator/a4.v
    Info (12023): Found entity 1: A4 File: C:/Users/steen/Downloads/Music_Generator-20181204T023133Z-001/Music_Generator/A4.v Line: 21
Info (12021): Found 1 design units, including 1 entities, in source file /users/steen/downloads/music_generator-20181204t023133z-001/music_generator/a_note.v
    Info (12023): Found entity 1: A File: C:/Users/steen/Downloads/Music_Generator-20181204T023133Z-001/Music_Generator/A_note.v Line: 21
Info (12127): Elaborating entity "music_generator" for the top level hierarchy
Info (12128): Elaborating entity "Rest" for hierarchy "Rest:U0" File: C:/Users/steen/Downloads/Music_Generator-20181204T023133Z-001/Music_Generator/music_gen.v Line: 34
Info (12128): Elaborating entity "A4" for hierarchy "A4:U1" File: C:/Users/steen/Downloads/Music_Generator-20181204T023133Z-001/Music_Generator/music_gen.v Line: 36
Info (12128): Elaborating entity "B4" for hierarchy "B4:U2" File: C:/Users/steen/Downloads/Music_Generator-20181204T023133Z-001/Music_Generator/music_gen.v Line: 37
Info (12128): Elaborating entity "C4" for hierarchy "C4:U3" File: C:/Users/steen/Downloads/Music_Generator-20181204T023133Z-001/Music_Generator/music_gen.v Line: 38
Info (12128): Elaborating entity "D4" for hierarchy "D4:U4" File: C:/Users/steen/Downloads/Music_Generator-20181204T023133Z-001/Music_Generator/music_gen.v Line: 39
Info (12128): Elaborating entity "E4" for hierarchy "E4:U5" File: C:/Users/steen/Downloads/Music_Generator-20181204T023133Z-001/Music_Generator/music_gen.v Line: 40
Info (12128): Elaborating entity "F4" for hierarchy "F4:U6" File: C:/Users/steen/Downloads/Music_Generator-20181204T023133Z-001/Music_Generator/music_gen.v Line: 41
Info (12128): Elaborating entity "G4" for hierarchy "G4:U7" File: C:/Users/steen/Downloads/Music_Generator-20181204T023133Z-001/Music_Generator/music_gen.v Line: 42
Info (12128): Elaborating entity "B4F" for hierarchy "B4F:U8" File: C:/Users/steen/Downloads/Music_Generator-20181204T023133Z-001/Music_Generator/music_gen.v Line: 44
Info (12128): Elaborating entity "C5" for hierarchy "C5:U9" File: C:/Users/steen/Downloads/Music_Generator-20181204T023133Z-001/Music_Generator/music_gen.v Line: 45
Info (12128): Elaborating entity "C5S" for hierarchy "C5S:U10" File: C:/Users/steen/Downloads/Music_Generator-20181204T023133Z-001/Music_Generator/music_gen.v Line: 46
Info (12128): Elaborating entity "D5" for hierarchy "D5:U11" File: C:/Users/steen/Downloads/Music_Generator-20181204T023133Z-001/Music_Generator/music_gen.v Line: 47
Info (12128): Elaborating entity "G4S" for hierarchy "G4S:U12" File: C:/Users/steen/Downloads/Music_Generator-20181204T023133Z-001/Music_Generator/music_gen.v Line: 48
Info (286030): Timing-Driven Synthesis is running
Info (17049): 6 registers lost all their fanouts during netlist optimizations.
Info (144001): Generated suppressed messages file C:/Users/steen/Desktop/ECE-3710/output_files/music_generator.map.smsg
Info (16010): Generating hard_block partition "hard_block:auto_generated_inst"
    Info (16011): Adding 0 node(s), including 0 DDIO, 0 PLL, 0 transceiver and 0 LCELL
Info (21057): Implemented 409 device resources after synthesis - the final resource count might be different
    Info (21058): Implemented 5 input pins
    Info (21059): Implemented 1 output pins
    Info (21061): Implemented 403 logic cells
Info: Quartus Prime Analysis & Synthesis was successful. 0 errors, 1 warning
    Info: Peak virtual memory: 4830 megabytes
    Info: Processing ended: Wed Dec 05 20:14:27 2018
    Info: Elapsed time: 00:00:25
    Info: Total CPU time (on all processors): 00:00:48


+------------------------------------------+
; Analysis & Synthesis Suppressed Messages ;
+------------------------------------------+
The suppressed messages can be found in C:/Users/steen/Desktop/ECE-3710/output_files/music_generator.map.smsg.


